2018-03-21 13:39:37 +0000  Initial pipeline context: <IDEDistributionProcessingPipelineContext: 0x7fd28362f5f0; archive(resolved)='<IDEArchive: 0x7fd2815c0d90>', distributionTask(resolved)='2', distributionMethod(resolved)='<IDEDistributionMethodiOSAppStoreExport: 0x7fd28e9374a0>', team(resolved)='<IDEProvisioningBasicTeam 0x7fd27f4d7370: teamID: 7JDKPK4524, teamName: Hidetaka Matsumoto>'>
	Chain (11, self inclusive):
	<IDEDistributionProcessingPipelineContext: 0x7fd28362f5f0; archive = '<IDEArchive: 0x7fd2815c0d90>', distributionMethod='<IDEDistributionMethodiOSAppStoreExport: 0x7fd28e9374a0>', team='<IDEProvisioningBasicTeam 0x7fd27f4d7370: teamID: 7JDKPK4524, teamName: Hidetaka Matsumoto>'>
	<IDEDistributionProcessingPipelineContext: 0x7fd28385efc0; archive = '<IDEArchive: 0x7fd2815c0d90>', distributionMethod='<IDEDistributionMethodiOSAppStoreExport: 0x7fd28e9374a0>', team='<IDEProvisioningBasicTeam 0x7fd27f4d7370: teamID: 7JDKPK4524, teamName: Hidetaka Matsumoto>'>
	<IDEDistributionContext: 0x7fd292090bc0; archive = '<IDEArchive: 0x7fd2815c0d90>', distributionMethod='<IDEDistributionMethodiOSAppStoreExport: 0x7fd28e9374a0>', team='<IDEProvisioningBasicTeam 0x7fd27f4d7370: teamID: 7JDKPK4524, teamName: Hidetaka Matsumoto>'>
	<IDEDistributionContext: 0x7fd28b0be860; archive = '<IDEArchive: 0x7fd2815c0d90>', distributionMethod='<IDEDistributionMethodiOSAppStoreExport: 0x7fd28e9374a0>', team='<IDEProvisioningBasicTeam 0x7fd27f4d7370: teamID: 7JDKPK4524, teamName: Hidetaka Matsumoto>'>
	<IDEDistributionContext: 0x7fd2819f7a20; archive = '<IDEArchive: 0x7fd2815c0d90>', distributionMethod='<IDEDistributionMethodiOSAppStoreExport: 0x7fd28e9374a0>', team='<IDEProvisioningBasicTeam 0x7fd27f4d7370: teamID: 7JDKPK4524, teamName: Hidetaka Matsumoto>'>
	<IDEDistributionContext: 0x7fd28001a0e0; archive = '<IDEArchive: 0x7fd2815c0d90>', distributionMethod='<IDEDistributionMethodiOSAppStoreExport: 0x7fd28e9374a0>', team='<IDEProvisioningBasicTeam 0x7fd27f4d7370: teamID: 7JDKPK4524, teamName: Hidetaka Matsumoto>'>
	<IDEDistributionContext: 0x7fd2799261c0; archive = '<IDEArchive: 0x7fd2815c0d90>', distributionMethod='<IDEDistributionMethodiOSAppStoreExport: 0x7fd28e9374a0>', team='<IDEProvisioningBasicTeam 0x7fd27f4d7370: teamID: 7JDKPK4524, teamName: Hidetaka Matsumoto>'>
	<IDEDistributionContext: 0x7fd281df8910; archive = '<IDEArchive: 0x7fd2815c0d90>', distributionMethod='<IDEDistributionMethodiOSAppStoreExport: 0x7fd28e9374a0>', team='<IDEProvisioningBasicTeam 0x7fd27f4d7370: teamID: 7JDKPK4524, teamName: Hidetaka Matsumoto>'>
	<IDEDistributionContext: 0x7fd281ad6e20; archive = '<IDEArchive: 0x7fd2815c0d90>', distributionMethod='<IDEDistributionMethodiOSAppStoreExport: 0x7fd28e9374a0>', team='<IDEProvisioningBasicTeam 0x7fd27f4d7370: teamID: 7JDKPK4524, teamName: Hidetaka Matsumoto>'>
	<IDEDistributionContext: 0x7fd2a5f06ac0; archive = '<IDEArchive: 0x7fd2815c0d90>', distributionMethod='<IDEDistributionMethodiOSAppStoreExport: 0x7fd28e9374a0>', team='(null)'>
	<IDEDistributionContext: 0x7fd2799a3520; archive = '<IDEArchive: 0x7fd2815c0d90>', distributionMethod='(null)', team='(null)'>
</IDEDistributionProcessingPipelineContext: 0x7fd28362f5f0>
2018-03-21 13:39:37 +0000  Processing step: IDEDistributionCreateDestRootStep
2018-03-21 13:39:37 +0000  Processing step: IDEDistributionCopyItemStep
2018-03-21 13:39:37 +0000  Running /usr/bin/ditto '-V' '/Users/hidetaka.matsumoto/Library/Developer/Xcode/Archives/2018-03-21/CraftedMusicBox 2018-03-21 21.47.xcarchive/Products/Applications/CraftedMusicBox.app' '/var/folders/h9/824gvrrj1299vs8hg1xqtg_c0000gn/T/XcodeDistPipeline.pFv/Root/Payload/CraftedMusicBox.app'
2018-03-21 13:39:37 +0000  >>> Copying /Users/hidetaka.matsumoto/Library/Developer/Xcode/Archives/2018-03-21/CraftedMusicBox 2018-03-21 21.47.xcarchive/Products/Applications/CraftedMusicBox.app 
2018-03-21 13:39:37 +0000  copying file ./_CodeSignature/CodeResources ... 
2018-03-21 13:39:37 +0000  81755 bytes for ./_CodeSignature/CodeResources
2018-03-21 13:39:37 +0000  copying file ./ja.lproj/LaunchScreen.strings ... 
2018-03-21 13:39:37 +0000  26 bytes for ./ja.lproj/LaunchScreen.strings
2018-03-21 13:39:37 +0000  copying file ./ja.lproj/Main.strings ... 
2018-03-21 13:39:37 +0000  7198 bytes for ./ja.lproj/Main.strings
2018-03-21 13:39:37 +0000  copying file ./ja.lproj/Localizable.strings ... 
2018-03-21 13:39:37 +0000  2581 bytes for ./ja.lproj/Localizable.strings
copying file ./ja.lproj/InfoPlist.strings ... 
2018-03-21 13:39:37 +0000  79 bytes for ./ja.lproj/InfoPlist.strings
2018-03-21 13:39:37 +0000  copying file ./en.lproj/LaunchScreen.strings ... 
2018-03-21 13:39:37 +0000  0 bytes for ./en.lproj/LaunchScreen.strings
2018-03-21 13:39:37 +0000  copying file ./en.lproj/Main.strings ... 
2018-03-21 13:39:37 +0000  7025 bytes for ./en.lproj/Main.strings
2018-03-21 13:39:37 +0000  copying file ./en.lproj/Localizable.strings ... 
2018-03-21 13:39:37 +0000  2085 bytes for ./en.lproj/Localizable.strings
copying file ./en.lproj/InfoPlist.strings ... 
2018-03-21 13:39:37 +0000  77 bytes for ./en.lproj/InfoPlist.strings
2018-03-21 13:39:37 +0000  copying file ./CraftedMusicBox ... 
2018-03-21 13:39:37 +0000  8000736 bytes for ./CraftedMusicBox
2018-03-21 13:39:37 +0000  copying file ./LICENSE ... 
1392 bytes for ./LICENSE
copying file ./Marimba.aupreset ... 
2018-03-21 13:39:37 +0000  36007 bytes for ./Marimba.aupreset
copying file ./AppIcon60x60@2x.png ... 
2018-03-21 13:39:37 +0000  15699 bytes for ./AppIcon60x60@2x.png
2018-03-21 13:39:37 +0000  copying file ./AppIcon29x29@2x.png ... 
2018-03-21 13:39:37 +0000  7408 bytes for ./AppIcon29x29@2x.png
copying file ./AppIcon40x40@3x.png ... 
2018-03-21 13:39:37 +0000  15699 bytes for ./AppIcon40x40@3x.png
copying file ./AppIcon29x29~ipad.png ... 
2018-03-21 13:39:37 +0000  4561 bytes for ./AppIcon29x29~ipad.png
2018-03-21 13:39:37 +0000  copying file ./AppIcon40x40@2x.png ... 
2018-03-21 13:39:37 +0000  10339 bytes for ./AppIcon40x40@2x.png
copying file ./AppIcon29x29@3x.png ... 
2018-03-21 13:39:37 +0000  11137 bytes for ./AppIcon29x29@3x.png
copying file ./GoogleService-Info.plist ... 
2018-03-21 13:39:37 +0000  914 bytes for ./GoogleService-Info.plist
copying file ./MusicInfo.plist ... 
2018-03-21 13:39:37 +0000  139 bytes for ./MusicInfo.plist
2018-03-21 13:39:37 +0000  copying file ./AppIcon60x60@3x.png ... 
2018-03-21 13:39:37 +0000  26442 bytes for ./AppIcon60x60@3x.png
2018-03-21 13:39:37 +0000  copying file ./Base.lproj/LaunchScreen.nib ... 
2018-03-21 13:39:37 +0000  1630 bytes for ./Base.lproj/LaunchScreen.nib
2018-03-21 13:39:37 +0000  copying file ./Base.lproj/Localizable.strings ... 
2018-03-21 13:39:37 +0000  2060 bytes for ./Base.lproj/Localizable.strings
2018-03-21 13:39:37 +0000  copying file ./Base.lproj/InfoPlist.strings ... 
2018-03-21 13:39:37 +0000  77 bytes for ./Base.lproj/InfoPlist.strings
2018-03-21 13:39:37 +0000  copying file ./Base.lproj/Main.storyboardc/rwu-PE-f1M-view-1u9-Ds-Bok.nib/objects-11.0+.nib ... 
2018-03-21 13:39:37 +0000  16947 bytes for ./Base.lproj/Main.storyboardc/rwu-PE-f1M-view-1u9-Ds-Bok.nib/objects-11.0+.nib
copying file ./Base.lproj/Main.storyboardc/rwu-PE-f1M-view-1u9-Ds-Bok.nib/runtime.nib ... 
2018-03-21 13:39:37 +0000  17054 bytes for ./Base.lproj/Main.storyboardc/rwu-PE-f1M-view-1u9-Ds-Bok.nib/runtime.nib
2018-03-21 13:39:37 +0000  copying file ./Base.lproj/Main.storyboardc/UITableViewController-rwu-PE-f1M.nib/objects-11.0+.nib ... 
2018-03-21 13:39:37 +0000  987 bytes for ./Base.lproj/Main.storyboardc/UITableViewController-rwu-PE-f1M.nib/objects-11.0+.nib
2018-03-21 13:39:37 +0000  copying file ./Base.lproj/Main.storyboardc/UITableViewController-rwu-PE-f1M.nib/runtime.nib ... 
2018-03-21 13:39:37 +0000  987 bytes for ./Base.lproj/Main.storyboardc/UITableViewController-rwu-PE-f1M.nib/runtime.nib
2018-03-21 13:39:37 +0000  copying file ./Base.lproj/Main.storyboardc/l7G-wT-FeG-view-5qD-R6-Ts6.nib/objects-11.0+.nib ... 
2018-03-21 13:39:37 +0000  3626 bytes for ./Base.lproj/Main.storyboardc/l7G-wT-FeG-view-5qD-R6-Ts6.nib/objects-11.0+.nib
2018-03-21 13:39:37 +0000  copying file ./Base.lproj/Main.storyboardc/l7G-wT-FeG-view-5qD-R6-Ts6.nib/runtime.nib ... 
2018-03-21 13:39:37 +0000  3755 bytes for ./Base.lproj/Main.storyboardc/l7G-wT-FeG-view-5qD-R6-Ts6.nib/runtime.nib
2018-03-21 13:39:37 +0000  copying file ./Base.lproj/Main.storyboardc/UINavigationController-hXK-bD-TY0.nib/objects-11.0+.nib ... 
2018-03-21 13:39:37 +0000  2070 bytes for ./Base.lproj/Main.storyboardc/UINavigationController-hXK-bD-TY0.nib/objects-11.0+.nib
2018-03-21 13:39:37 +0000  copying file ./Base.lproj/Main.storyboardc/UINavigationController-hXK-bD-TY0.nib/runtime.nib ... 
2018-03-21 13:39:37 +0000  2070 bytes for ./Base.lproj/Main.storyboardc/UINavigationController-hXK-bD-TY0.nib/runtime.nib
2018-03-21 13:39:37 +0000  copying file ./Base.lproj/Main.storyboardc/UIViewController-OGI-JR-xGh.nib/objects-11.0+.nib ... 
2018-03-21 13:39:37 +0000  2376 bytes for ./Base.lproj/Main.storyboardc/UIViewController-OGI-JR-xGh.nib/objects-11.0+.nib
2018-03-21 13:39:37 +0000  copying file ./Base.lproj/Main.storyboardc/UIViewController-OGI-JR-xGh.nib/runtime.nib ... 
2018-03-21 13:39:37 +0000  2376 bytes for ./Base.lproj/Main.storyboardc/UIViewController-OGI-JR-xGh.nib/runtime.nib
2018-03-21 13:39:37 +0000  copying file ./Base.lproj/Main.storyboardc/UINavigationController-kGK-1K-za0.nib/objects-11.0+.nib ... 
2018-03-21 13:39:37 +0000  2497 bytes for ./Base.lproj/Main.storyboardc/UINavigationController-kGK-1K-za0.nib/objects-11.0+.nib
2018-03-21 13:39:37 +0000  copying file ./Base.lproj/Main.storyboardc/UINavigationController-kGK-1K-za0.nib/runtime.nib ... 
2018-03-21 13:39:37 +0000  2495 bytes for ./Base.lproj/Main.storyboardc/UINavigationController-kGK-1K-za0.nib/runtime.nib
2018-03-21 13:39:37 +0000  copying file ./Base.lproj/Main.storyboardc/efm-bS-5i8-view-Kz0-zo-CKX.nib/objects-11.0+.nib ... 
2018-03-21 13:39:37 +0000  4894 bytes for ./Base.lproj/Main.storyboardc/efm-bS-5i8-view-Kz0-zo-CKX.nib/objects-11.0+.nib
copying file ./Base.lproj/Main.storyboardc/efm-bS-5i8-view-Kz0-zo-CKX.nib/runtime.nib ... 
2018-03-21 13:39:37 +0000  5006 bytes for ./Base.lproj/Main.storyboardc/efm-bS-5i8-view-Kz0-zo-CKX.nib/runtime.nib
2018-03-21 13:39:37 +0000  copying file ./Base.lproj/Main.storyboardc/UINavigationController-N8n-7A-X4L.nib/objects-11.0+.nib ... 
2018-03-21 13:39:37 +0000  2150 bytes for ./Base.lproj/Main.storyboardc/UINavigationController-N8n-7A-X4L.nib/objects-11.0+.nib
copying file ./Base.lproj/Main.storyboardc/UINavigationController-N8n-7A-X4L.nib/runtime.nib ... 
2018-03-21 13:39:37 +0000  2150 bytes for ./Base.lproj/Main.storyboardc/UINavigationController-N8n-7A-X4L.nib/runtime.nib
2018-03-21 13:39:37 +0000  copying file ./Base.lproj/Main.storyboardc/BNw-bU-GSf-view-bBo-1m-yQq.nib/objects-11.0+.nib ... 
2018-03-21 13:39:37 +0000  9092 bytes for ./Base.lproj/Main.storyboardc/BNw-bU-GSf-view-bBo-1m-yQq.nib/objects-11.0+.nib
copying file ./Base.lproj/Main.storyboardc/BNw-bU-GSf-view-bBo-1m-yQq.nib/runtime.nib ... 
2018-03-21 13:39:37 +0000  9200 bytes for ./Base.lproj/Main.storyboardc/BNw-bU-GSf-view-bBo-1m-yQq.nib/runtime.nib
2018-03-21 13:39:37 +0000  copying file ./Base.lproj/Main.storyboardc/Info.plist ... 
2018-03-21 13:39:37 +0000  577 bytes for ./Base.lproj/Main.storyboardc/Info.plist
2018-03-21 13:39:37 +0000  copying file ./Base.lproj/Main.storyboardc/OGI-JR-xGh-view-liS-On-GVe.nib/objects-11.0+.nib ... 
2018-03-21 13:39:37 +0000  34025 bytes for ./Base.lproj/Main.storyboardc/OGI-JR-xGh-view-liS-On-GVe.nib/objects-11.0+.nib
2018-03-21 13:39:37 +0000  copying file ./Base.lproj/Main.storyboardc/OGI-JR-xGh-view-liS-On-GVe.nib/runtime.nib ... 
2018-03-21 13:39:37 +0000  34135 bytes for ./Base.lproj/Main.storyboardc/OGI-JR-xGh-view-liS-On-GVe.nib/runtime.nib
2018-03-21 13:39:37 +0000  copying file ./archived-expanded-entitlements.xcent ... 
2018-03-21 13:39:37 +0000  246 bytes for ./archived-expanded-entitlements.xcent
2018-03-21 13:39:37 +0000  copying file ./Sounds/vibraphone/5Gs.caf ... 
2018-03-21 13:39:37 +0000  136396 bytes for ./Sounds/vibraphone/5Gs.caf
copying file ./Sounds/vibraphone/4As.caf ... 
2018-03-21 13:39:37 +0000  136396 bytes for ./Sounds/vibraphone/4As.caf
2018-03-21 13:39:37 +0000  copying file ./Sounds/vibraphone/3Fs.caf ... 
2018-03-21 13:39:37 +0000  136396 bytes for ./Sounds/vibraphone/3Fs.caf
copying file ./Sounds/vibraphone/6As.caf ... 
2018-03-21 13:39:37 +0000  136396 bytes for ./Sounds/vibraphone/6As.caf
copying file ./Sounds/vibraphone/2As.caf ... 
2018-03-21 13:39:37 +0000  136396 bytes for ./Sounds/vibraphone/2As.caf
2018-03-21 13:39:37 +0000  copying file ./Sounds/vibraphone/3Gs.caf ... 
2018-03-21 13:39:37 +0000  136396 bytes for ./Sounds/vibraphone/3Gs.caf
copying file ./Sounds/vibraphone/5Fs.caf ... 
2018-03-21 13:39:37 +0000  136396 bytes for ./Sounds/vibraphone/5Fs.caf
copying file ./Sounds/vibraphone/6Gs.caf ... 
2018-03-21 13:39:37 +0000  136396 bytes for ./Sounds/vibraphone/6Gs.caf
2018-03-21 13:39:37 +0000  copying file ./Sounds/vibraphone/2Fs.caf ... 
2018-03-21 13:39:37 +0000  136396 bytes for ./Sounds/vibraphone/2Fs.caf
2018-03-21 13:39:37 +0000  copying file ./Sounds/vibraphone/6A.caf ... 
2018-03-21 13:39:37 +0000  136396 bytes for ./Sounds/vibraphone/6A.caf
copying file ./Sounds/vibraphone/6C.caf ... 
2018-03-21 13:39:37 +0000  136396 bytes for ./Sounds/vibraphone/6C.caf
copying file ./Sounds/vibraphone/5As.caf ... 
2018-03-21 13:39:37 +0000  136396 bytes for ./Sounds/vibraphone/5As.caf
copying file ./Sounds/vibraphone/6B.caf ... 
2018-03-21 13:39:37 +0000  136396 bytes for ./Sounds/vibraphone/6B.caf
copying file ./Sounds/vibraphone/4Gs.caf ... 
2018-03-21 13:39:37 +0000  136396 bytes for ./Sounds/vibraphone/4Gs.caf
2018-03-21 13:39:37 +0000  copying file ./Sounds/vibraphone/4Fs.caf ... 
2018-03-21 13:39:37 +0000  136396 bytes for ./Sounds/vibraphone/4Fs.caf
copying file ./Sounds/vibraphone/6F.caf ... 
2018-03-21 13:39:37 +0000  136396 bytes for ./Sounds/vibraphone/6F.caf
copying file ./Sounds/vibraphone/6G.caf ... 
2018-03-21 13:39:37 +0000  136396 bytes for ./Sounds/vibraphone/6G.caf
copying file ./Sounds/vibraphone/6E.caf ... 
2018-03-21 13:39:37 +0000  136396 bytes for ./Sounds/vibraphone/6E.caf
copying file ./Sounds/vibraphone/2Gs.caf ... 
2018-03-21 13:39:37 +0000  136396 bytes for ./Sounds/vibraphone/2Gs.caf
copying file ./Sounds/vibraphone/6D.caf ... 
2018-03-21 13:39:37 +0000  136396 bytes for ./Sounds/vibraphone/6D.caf
copying file ./Sounds/vibraphone/6Fs.caf ... 
2018-03-21 13:39:37 +0000  136396 bytes for ./Sounds/vibraphone/6Fs.caf
copying file ./Sounds/vibraphone/3As.caf ... 
2018-03-21 13:39:37 +0000  136396 bytes for ./Sounds/vibraphone/3As.caf
copying file ./Sounds/vibraphone/5E.caf ... 
2018-03-21 13:39:37 +0000  136396 bytes for ./Sounds/vibraphone/5E.caf
2018-03-21 13:39:37 +0000  copying file ./Sounds/vibraphone/4A.caf ... 
2018-03-21 13:39:37 +0000  136396 bytes for ./Sounds/vibraphone/4A.caf
2018-03-21 13:39:37 +0000  copying file ./Sounds/vibraphone/2Ds.caf ... 
2018-03-21 13:39:37 +0000  136396 bytes for ./Sounds/vibraphone/2Ds.caf
copying file ./Sounds/vibraphone/5D.caf ... 
2018-03-21 13:39:37 +0000  136396 bytes for ./Sounds/vibraphone/5D.caf
copying file ./Sounds/vibraphone/4B.caf ... 
2018-03-21 13:39:37 +0000  136396 bytes for ./Sounds/vibraphone/4B.caf
2018-03-21 13:39:37 +0000  copying file ./Sounds/vibraphone/5F.caf ... 
2018-03-21 13:39:37 +0000  136396 bytes for ./Sounds/vibraphone/5F.caf
copying file ./Sounds/vibraphone/5Cs.caf ... 
2018-03-21 13:39:37 +0000  136396 bytes for ./Sounds/vibraphone/5Cs.caf
copying file ./Sounds/vibraphone/5G.caf ... 
2018-03-21 13:39:37 +0000  136396 bytes for ./Sounds/vibraphone/5G.caf
copying file ./Sounds/vibraphone/4C.caf ... 
2018-03-21 13:39:37 +0000  136396 bytes for ./Sounds/vibraphone/4C.caf
copying file ./Sounds/vibraphone/4G.caf ... 
2018-03-21 13:39:37 +0000  136396 bytes for ./Sounds/vibraphone/4G.caf
2018-03-21 13:39:37 +0000  copying file ./Sounds/vibraphone/5C.caf ... 
2018-03-21 13:39:37 +0000  136396 bytes for ./Sounds/vibraphone/5C.caf
copying file ./Sounds/vibraphone/5B.caf ... 
2018-03-21 13:39:37 +0000  136396 bytes for ./Sounds/vibraphone/5B.caf
copying file ./Sounds/vibraphone/4F.caf ... 
2018-03-21 13:39:37 +0000  136396 bytes for ./Sounds/vibraphone/4F.caf
2018-03-21 13:39:37 +0000  copying file ./Sounds/vibraphone/4Ds.caf ... 
2018-03-21 13:39:37 +0000  136396 bytes for ./Sounds/vibraphone/4Ds.caf
copying file ./Sounds/vibraphone/3Cs.caf ... 
2018-03-21 13:39:37 +0000  136396 bytes for ./Sounds/vibraphone/3Cs.caf
2018-03-21 13:39:37 +0000  copying file ./Sounds/vibraphone/6Ds.caf ... 
2018-03-21 13:39:37 +0000  136396 bytes for ./Sounds/vibraphone/6Ds.caf
copying file ./Sounds/vibraphone/4D.caf ... 
2018-03-21 13:39:37 +0000  136396 bytes for ./Sounds/vibraphone/4D.caf
copying file ./Sounds/vibraphone/4E.caf ... 
2018-03-21 13:39:37 +0000  136396 bytes for ./Sounds/vibraphone/4E.caf
2018-03-21 13:39:37 +0000  copying file ./Sounds/vibraphone/5A.caf ... 
2018-03-21 13:39:37 +0000  136396 bytes for ./Sounds/vibraphone/5A.caf
2018-03-21 13:39:37 +0000  copying file ./Sounds/vibraphone/4Cs.caf ... 
2018-03-21 13:39:37 +0000  136396 bytes for ./Sounds/vibraphone/4Cs.caf
copying file ./Sounds/vibraphone/3F.caf ... 
2018-03-21 13:39:37 +0000  136396 bytes for ./Sounds/vibraphone/3F.caf
2018-03-21 13:39:37 +0000  copying file ./Sounds/vibraphone/2B.caf ... 
2018-03-21 13:39:37 +0000  136396 bytes for ./Sounds/vibraphone/2B.caf
copying file ./Sounds/vibraphone/2C.caf ... 
2018-03-21 13:39:37 +0000  136396 bytes for ./Sounds/vibraphone/2C.caf
copying file ./Sounds/vibraphone/3G.caf ... 
2018-03-21 13:39:37 +0000  136396 bytes for ./Sounds/vibraphone/3G.caf
2018-03-21 13:39:37 +0000  copying file ./Sounds/vibraphone/2A.caf ... 
2018-03-21 13:39:37 +0000  136396 bytes for ./Sounds/vibraphone/2A.caf
copying file ./Sounds/vibraphone/3E.caf ... 
2018-03-21 13:39:37 +0000  136396 bytes for ./Sounds/vibraphone/3E.caf
2018-03-21 13:39:37 +0000  copying file ./Sounds/vibraphone/3D.caf ... 
2018-03-21 13:39:37 +0000  136396 bytes for ./Sounds/vibraphone/3D.caf
2018-03-21 13:39:37 +0000  copying file ./Sounds/vibraphone/6Cs.caf ... 
2018-03-21 13:39:37 +0000  136396 bytes for ./Sounds/vibraphone/6Cs.caf
copying file ./Sounds/vibraphone/3Ds.caf ... 
2018-03-21 13:39:37 +0000  136396 bytes for ./Sounds/vibraphone/3Ds.caf
2018-03-21 13:39:37 +0000  copying file ./Sounds/vibraphone/2D.caf ... 
2018-03-21 13:39:37 +0000  136396 bytes for ./Sounds/vibraphone/2D.caf
2018-03-21 13:39:37 +0000  copying file ./Sounds/vibraphone/2Cs.caf ... 
2018-03-21 13:39:37 +0000  136396 bytes for ./Sounds/vibraphone/2Cs.caf
copying file ./Sounds/vibraphone/3A.caf ... 
2018-03-21 13:39:37 +0000  136396 bytes for ./Sounds/vibraphone/3A.caf
copying file ./Sounds/vibraphone/2E.caf ... 
2018-03-21 13:39:37 +0000  136396 bytes for ./Sounds/vibraphone/2E.caf
2018-03-21 13:39:37 +0000  copying file ./Sounds/vibraphone/3C.caf ... 
2018-03-21 13:39:37 +0000  136396 bytes for ./Sounds/vibraphone/3C.caf
copying file ./Sounds/vibraphone/2G.caf ... 
2018-03-21 13:39:37 +0000  136396 bytes for ./Sounds/vibraphone/2G.caf
2018-03-21 13:39:37 +0000  copying file ./Sounds/vibraphone/5Ds.caf ... 
2018-03-21 13:39:37 +0000  136396 bytes for ./Sounds/vibraphone/5Ds.caf
2018-03-21 13:39:37 +0000  copying file ./Sounds/vibraphone/2F.caf ... 
2018-03-21 13:39:37 +0000  136396 bytes for ./Sounds/vibraphone/2F.caf
copying file ./Sounds/vibraphone/3B.caf ... 
2018-03-21 13:39:37 +0000  136396 bytes for ./Sounds/vibraphone/3B.caf
2018-03-21 13:39:37 +0000  copying file ./Sounds/marimba/5Gs.caf ... 
2018-03-21 13:39:37 +0000  136396 bytes for ./Sounds/marimba/5Gs.caf
copying file ./Sounds/marimba/4As.caf ... 
2018-03-21 13:39:37 +0000  136396 bytes for ./Sounds/marimba/4As.caf
2018-03-21 13:39:37 +0000  copying file ./Sounds/marimba/3Fs.caf ... 
2018-03-21 13:39:37 +0000  136396 bytes for ./Sounds/marimba/3Fs.caf
2018-03-21 13:39:37 +0000  copying file ./Sounds/marimba/6As.caf ... 
2018-03-21 13:39:37 +0000  136396 bytes for ./Sounds/marimba/6As.caf
2018-03-21 13:39:37 +0000  copying file ./Sounds/marimba/2As.caf ... 
2018-03-21 13:39:37 +0000  136396 bytes for ./Sounds/marimba/2As.caf
2018-03-21 13:39:37 +0000  copying file ./Sounds/marimba/3Gs.caf ... 
2018-03-21 13:39:37 +0000  136396 bytes for ./Sounds/marimba/3Gs.caf
copying file ./Sounds/marimba/5Fs.caf ... 
2018-03-21 13:39:37 +0000  136396 bytes for ./Sounds/marimba/5Fs.caf
copying file ./Sounds/marimba/6Gs.caf ... 
2018-03-21 13:39:37 +0000  136396 bytes for ./Sounds/marimba/6Gs.caf
2018-03-21 13:39:37 +0000  copying file ./Sounds/marimba/2Fs.caf ... 
2018-03-21 13:39:37 +0000  136396 bytes for ./Sounds/marimba/2Fs.caf
copying file ./Sounds/marimba/6A.caf ... 
2018-03-21 13:39:37 +0000  136396 bytes for ./Sounds/marimba/6A.caf
2018-03-21 13:39:37 +0000  copying file ./Sounds/marimba/6C.caf ... 
2018-03-21 13:39:37 +0000  136396 bytes for ./Sounds/marimba/6C.caf
copying file ./Sounds/marimba/5As.caf ... 
2018-03-21 13:39:37 +0000  136396 bytes for ./Sounds/marimba/5As.caf
copying file ./Sounds/marimba/6B.caf ... 
2018-03-21 13:39:37 +0000  136396 bytes for ./Sounds/marimba/6B.caf
copying file ./Sounds/marimba/4Gs.caf ... 
2018-03-21 13:39:37 +0000  136396 bytes for ./Sounds/marimba/4Gs.caf
copying file ./Sounds/marimba/4Fs.caf ... 
2018-03-21 13:39:37 +0000  136396 bytes for ./Sounds/marimba/4Fs.caf
copying file ./Sounds/marimba/6F.caf ... 
2018-03-21 13:39:37 +0000  136396 bytes for ./Sounds/marimba/6F.caf
copying file ./Sounds/marimba/6G.caf ... 
2018-03-21 13:39:37 +0000  136396 bytes for ./Sounds/marimba/6G.caf
copying file ./Sounds/marimba/6E.caf ... 
2018-03-21 13:39:37 +0000  136396 bytes for ./Sounds/marimba/6E.caf
copying file ./Sounds/marimba/2Gs.caf ... 
2018-03-21 13:39:37 +0000  136396 bytes for ./Sounds/marimba/2Gs.caf
copying file ./Sounds/marimba/6D.caf ... 
2018-03-21 13:39:37 +0000  136396 bytes for ./Sounds/marimba/6D.caf
copying file ./Sounds/marimba/6Fs.caf ... 
2018-03-21 13:39:37 +0000  136396 bytes for ./Sounds/marimba/6Fs.caf
2018-03-21 13:39:37 +0000  copying file ./Sounds/marimba/3As.caf ... 
2018-03-21 13:39:37 +0000  136396 bytes for ./Sounds/marimba/3As.caf
copying file ./Sounds/marimba/5E.caf ... 
2018-03-21 13:39:37 +0000  136396 bytes for ./Sounds/marimba/5E.caf
copying file ./Sounds/marimba/4A.caf ... 
2018-03-21 13:39:37 +0000  136396 bytes for ./Sounds/marimba/4A.caf
2018-03-21 13:39:37 +0000  copying file ./Sounds/marimba/2Ds.caf ... 
2018-03-21 13:39:37 +0000  136396 bytes for ./Sounds/marimba/2Ds.caf
copying file ./Sounds/marimba/5D.caf ... 
2018-03-21 13:39:37 +0000  136396 bytes for ./Sounds/marimba/5D.caf
2018-03-21 13:39:37 +0000  copying file ./Sounds/marimba/4B.caf ... 
2018-03-21 13:39:37 +0000  136396 bytes for ./Sounds/marimba/4B.caf
2018-03-21 13:39:37 +0000  copying file ./Sounds/marimba/5F.caf ... 
2018-03-21 13:39:37 +0000  136396 bytes for ./Sounds/marimba/5F.caf
2018-03-21 13:39:37 +0000  copying file ./Sounds/marimba/5Cs.caf ... 
2018-03-21 13:39:37 +0000  136396 bytes for ./Sounds/marimba/5Cs.caf
copying file ./Sounds/marimba/5G.caf ... 
2018-03-21 13:39:37 +0000  136396 bytes for ./Sounds/marimba/5G.caf
copying file ./Sounds/marimba/4C.caf ... 
2018-03-21 13:39:37 +0000  136396 bytes for ./Sounds/marimba/4C.caf
2018-03-21 13:39:37 +0000  copying file ./Sounds/marimba/4G.caf ... 
2018-03-21 13:39:37 +0000  136396 bytes for ./Sounds/marimba/4G.caf
2018-03-21 13:39:37 +0000  copying file ./Sounds/marimba/5C.caf ... 
2018-03-21 13:39:37 +0000  136396 bytes for ./Sounds/marimba/5C.caf
2018-03-21 13:39:37 +0000  copying file ./Sounds/marimba/5B.caf ... 
2018-03-21 13:39:37 +0000  136396 bytes for ./Sounds/marimba/5B.caf
2018-03-21 13:39:37 +0000  copying file ./Sounds/marimba/4F.caf ... 
2018-03-21 13:39:37 +0000  136396 bytes for ./Sounds/marimba/4F.caf
copying file ./Sounds/marimba/4Ds.caf ... 
2018-03-21 13:39:37 +0000  136396 bytes for ./Sounds/marimba/4Ds.caf
2018-03-21 13:39:37 +0000  copying file ./Sounds/marimba/3Cs.caf ... 
2018-03-21 13:39:37 +0000  136396 bytes for ./Sounds/marimba/3Cs.caf
2018-03-21 13:39:37 +0000  copying file ./Sounds/marimba/6Ds.caf ... 
2018-03-21 13:39:37 +0000  136396 bytes for ./Sounds/marimba/6Ds.caf
copying file ./Sounds/marimba/4D.caf ... 
2018-03-21 13:39:37 +0000  136396 bytes for ./Sounds/marimba/4D.caf
copying file ./Sounds/marimba/4E.caf ... 
2018-03-21 13:39:37 +0000  136396 bytes for ./Sounds/marimba/4E.caf
copying file ./Sounds/marimba/5A.caf ... 
2018-03-21 13:39:37 +0000  136396 bytes for ./Sounds/marimba/5A.caf
2018-03-21 13:39:37 +0000  copying file ./Sounds/marimba/4Cs.caf ... 
2018-03-21 13:39:37 +0000  136396 bytes for ./Sounds/marimba/4Cs.caf
2018-03-21 13:39:37 +0000  copying file ./Sounds/marimba/3F.caf ... 
2018-03-21 13:39:37 +0000  136396 bytes for ./Sounds/marimba/3F.caf
2018-03-21 13:39:37 +0000  copying file ./Sounds/marimba/2B.caf ... 
2018-03-21 13:39:37 +0000  136396 bytes for ./Sounds/marimba/2B.caf
2018-03-21 13:39:37 +0000  copying file ./Sounds/marimba/2C.caf ... 
2018-03-21 13:39:37 +0000  136396 bytes for ./Sounds/marimba/2C.caf
copying file ./Sounds/marimba/3G.caf ... 
2018-03-21 13:39:37 +0000  136396 bytes for ./Sounds/marimba/3G.caf
copying file ./Sounds/marimba/2A.caf ... 
2018-03-21 13:39:37 +0000  136396 bytes for ./Sounds/marimba/2A.caf
2018-03-21 13:39:37 +0000  copying file ./Sounds/marimba/3E.caf ... 
2018-03-21 13:39:37 +0000  136396 bytes for ./Sounds/marimba/3E.caf
2018-03-21 13:39:37 +0000  copying file ./Sounds/marimba/3D.caf ... 
2018-03-21 13:39:37 +0000  136396 bytes for ./Sounds/marimba/3D.caf
copying file ./Sounds/marimba/6Cs.caf ... 
2018-03-21 13:39:37 +0000  136396 bytes for ./Sounds/marimba/6Cs.caf
2018-03-21 13:39:37 +0000  copying file ./Sounds/marimba/3Ds.caf ... 
2018-03-21 13:39:37 +0000  136396 bytes for ./Sounds/marimba/3Ds.caf
2018-03-21 13:39:37 +0000  copying file ./Sounds/marimba/2D.caf ... 
2018-03-21 13:39:37 +0000  136396 bytes for ./Sounds/marimba/2D.caf
2018-03-21 13:39:37 +0000  copying file ./Sounds/marimba/2Cs.caf ... 
2018-03-21 13:39:37 +0000  136396 bytes for ./Sounds/marimba/2Cs.caf
copying file ./Sounds/marimba/3A.caf ... 
2018-03-21 13:39:37 +0000  136396 bytes for ./Sounds/marimba/3A.caf
copying file ./Sounds/marimba/2E.caf ... 
2018-03-21 13:39:37 +0000  136396 bytes for ./Sounds/marimba/2E.caf
2018-03-21 13:39:37 +0000  copying file ./Sounds/marimba/3C.caf ... 
2018-03-21 13:39:37 +0000  136396 bytes for ./Sounds/marimba/3C.caf
2018-03-21 13:39:37 +0000  copying file ./Sounds/marimba/2G.caf ... 
2018-03-21 13:39:37 +0000  136396 bytes for ./Sounds/marimba/2G.caf
2018-03-21 13:39:37 +0000  copying file ./Sounds/marimba/5Ds.caf ... 
2018-03-21 13:39:37 +0000  136396 bytes for ./Sounds/marimba/5Ds.caf
2018-03-21 13:39:37 +0000  copying file ./Sounds/marimba/2F.caf ... 
2018-03-21 13:39:37 +0000  136396 bytes for ./Sounds/marimba/2F.caf
2018-03-21 13:39:37 +0000  copying file ./Sounds/marimba/3B.caf ... 
2018-03-21 13:39:37 +0000  136396 bytes for ./Sounds/marimba/3B.caf
2018-03-21 13:39:37 +0000  copying file ./Sounds/musicbox/5Gs.caf ... 
2018-03-21 13:39:37 +0000  268696 bytes for ./Sounds/musicbox/5Gs.caf
2018-03-21 13:39:37 +0000  copying file ./Sounds/musicbox/4As.caf ... 
2018-03-21 13:39:37 +0000  180496 bytes for ./Sounds/musicbox/4As.caf
copying file ./Sounds/musicbox/3Fs.caf ... 
2018-03-21 13:39:37 +0000  136396 bytes for ./Sounds/musicbox/3Fs.caf
2018-03-21 13:39:37 +0000  copying file ./Sounds/musicbox/6As.caf ... 
2018-03-21 13:39:37 +0000  268696 bytes for ./Sounds/musicbox/6As.caf
copying file ./Sounds/musicbox/2As.caf ... 
2018-03-21 13:39:37 +0000  136396 bytes for ./Sounds/musicbox/2As.caf
2018-03-21 13:39:37 +0000  copying file ./Sounds/musicbox/3Gs.caf ... 
2018-03-21 13:39:37 +0000  136396 bytes for ./Sounds/musicbox/3Gs.caf
copying file ./Sounds/musicbox/5Fs.caf ... 
2018-03-21 13:39:37 +0000  268696 bytes for ./Sounds/musicbox/5Fs.caf
2018-03-21 13:39:37 +0000  copying file ./Sounds/musicbox/6Gs.caf ... 
2018-03-21 13:39:37 +0000  268696 bytes for ./Sounds/musicbox/6Gs.caf
2018-03-21 13:39:37 +0000  copying file ./Sounds/musicbox/2Fs.caf ... 
2018-03-21 13:39:37 +0000  136396 bytes for ./Sounds/musicbox/2Fs.caf
2018-03-21 13:39:37 +0000  copying file ./Sounds/musicbox/6A.caf ... 
2018-03-21 13:39:37 +0000  268696 bytes for ./Sounds/musicbox/6A.caf
copying file ./Sounds/musicbox/6C.caf ... 
2018-03-21 13:39:37 +0000  268696 bytes for ./Sounds/musicbox/6C.caf
copying file ./Sounds/musicbox/5As.caf ... 
2018-03-21 13:39:37 +0000  268696 bytes for ./Sounds/musicbox/5As.caf
2018-03-21 13:39:37 +0000  copying file ./Sounds/musicbox/6B.caf ... 
2018-03-21 13:39:37 +0000  268696 bytes for ./Sounds/musicbox/6B.caf
2018-03-21 13:39:37 +0000  copying file ./Sounds/musicbox/4Gs.caf ... 
2018-03-21 13:39:37 +0000  180496 bytes for ./Sounds/musicbox/4Gs.caf
copying file ./Sounds/musicbox/4Fs.caf ... 
2018-03-21 13:39:37 +0000  180496 bytes for ./Sounds/musicbox/4Fs.caf
copying file ./Sounds/musicbox/6F.caf ... 
2018-03-21 13:39:37 +0000  268696 bytes for ./Sounds/musicbox/6F.caf
2018-03-21 13:39:37 +0000  copying file ./Sounds/musicbox/6G.caf ... 
2018-03-21 13:39:37 +0000  268696 bytes for ./Sounds/musicbox/6G.caf
copying file ./Sounds/musicbox/6E.caf ... 
2018-03-21 13:39:37 +0000  268696 bytes for ./Sounds/musicbox/6E.caf
copying file ./Sounds/musicbox/2Gs.caf ... 
2018-03-21 13:39:37 +0000  136396 bytes for ./Sounds/musicbox/2Gs.caf
copying file ./Sounds/musicbox/6D.caf ... 
2018-03-21 13:39:37 +0000  268696 bytes for ./Sounds/musicbox/6D.caf
copying file ./Sounds/musicbox/6Fs.caf ... 
2018-03-21 13:39:37 +0000  268696 bytes for ./Sounds/musicbox/6Fs.caf
2018-03-21 13:39:37 +0000  copying file ./Sounds/musicbox/3As.caf ... 
2018-03-21 13:39:37 +0000  136396 bytes for ./Sounds/musicbox/3As.caf
2018-03-21 13:39:37 +0000  copying file ./Sounds/musicbox/5E.caf ... 
2018-03-21 13:39:37 +0000  268696 bytes for ./Sounds/musicbox/5E.caf
copying file ./Sounds/musicbox/4A.caf ... 
2018-03-21 13:39:37 +0000  180496 bytes for ./Sounds/musicbox/4A.caf
copying file ./Sounds/musicbox/2Ds.caf ... 
2018-03-21 13:39:37 +0000  136396 bytes for ./Sounds/musicbox/2Ds.caf
copying file ./Sounds/musicbox/5D.caf ... 
2018-03-21 13:39:37 +0000  268696 bytes for ./Sounds/musicbox/5D.caf
2018-03-21 13:39:37 +0000  copying file ./Sounds/musicbox/4B.caf ... 
2018-03-21 13:39:37 +0000  180496 bytes for ./Sounds/musicbox/4B.caf
2018-03-21 13:39:37 +0000  copying file ./Sounds/musicbox/5F.caf ... 
2018-03-21 13:39:37 +0000  268696 bytes for ./Sounds/musicbox/5F.caf
copying file ./Sounds/musicbox/5Cs.caf ... 
2018-03-21 13:39:37 +0000  268696 bytes for ./Sounds/musicbox/5Cs.caf
2018-03-21 13:39:37 +0000  copying file ./Sounds/musicbox/5G.caf ... 
2018-03-21 13:39:37 +0000  268696 bytes for ./Sounds/musicbox/5G.caf
copying file ./Sounds/musicbox/4C.caf ... 
2018-03-21 13:39:37 +0000  180496 bytes for ./Sounds/musicbox/4C.caf
copying file ./Sounds/musicbox/4G.caf ... 
2018-03-21 13:39:37 +0000  180496 bytes for ./Sounds/musicbox/4G.caf
2018-03-21 13:39:37 +0000  copying file ./Sounds/musicbox/5C.caf ... 
2018-03-21 13:39:37 +0000  268696 bytes for ./Sounds/musicbox/5C.caf
2018-03-21 13:39:37 +0000  copying file ./Sounds/musicbox/5B.caf ... 
2018-03-21 13:39:37 +0000  268696 bytes for ./Sounds/musicbox/5B.caf
copying file ./Sounds/musicbox/4F.caf ... 
2018-03-21 13:39:37 +0000  180496 bytes for ./Sounds/musicbox/4F.caf
2018-03-21 13:39:37 +0000  copying file ./Sounds/musicbox/4Ds.caf ... 
2018-03-21 13:39:37 +0000  180496 bytes for ./Sounds/musicbox/4Ds.caf
2018-03-21 13:39:37 +0000  copying file ./Sounds/musicbox/3Cs.caf ... 
2018-03-21 13:39:37 +0000  136396 bytes for ./Sounds/musicbox/3Cs.caf
2018-03-21 13:39:37 +0000  copying file ./Sounds/musicbox/6Ds.caf ... 
2018-03-21 13:39:37 +0000  268696 bytes for ./Sounds/musicbox/6Ds.caf
2018-03-21 13:39:37 +0000  copying file ./Sounds/musicbox/4D.caf ... 
2018-03-21 13:39:37 +0000  180496 bytes for ./Sounds/musicbox/4D.caf
2018-03-21 13:39:37 +0000  copying file ./Sounds/musicbox/4E.caf ... 
2018-03-21 13:39:37 +0000  180496 bytes for ./Sounds/musicbox/4E.caf
2018-03-21 13:39:37 +0000  copying file ./Sounds/musicbox/5A.caf ... 
2018-03-21 13:39:37 +0000  268696 bytes for ./Sounds/musicbox/5A.caf
2018-03-21 13:39:37 +0000  copying file ./Sounds/musicbox/4Cs.caf ... 
2018-03-21 13:39:37 +0000  180496 bytes for ./Sounds/musicbox/4Cs.caf
2018-03-21 13:39:37 +0000  copying file ./Sounds/musicbox/3F.caf ... 
2018-03-21 13:39:37 +0000  136396 bytes for ./Sounds/musicbox/3F.caf
2018-03-21 13:39:37 +0000  copying file ./Sounds/musicbox/2B.caf ... 
2018-03-21 13:39:37 +0000  136396 bytes for ./Sounds/musicbox/2B.caf
2018-03-21 13:39:37 +0000  copying file ./Sounds/musicbox/2C.caf ... 
2018-03-21 13:39:37 +0000  136396 bytes for ./Sounds/musicbox/2C.caf
2018-03-21 13:39:37 +0000  copying file ./Sounds/musicbox/3G.caf ... 
2018-03-21 13:39:37 +0000  136396 bytes for ./Sounds/musicbox/3G.caf
2018-03-21 13:39:37 +0000  copying file ./Sounds/musicbox/2A.caf ... 
2018-03-21 13:39:37 +0000  136396 bytes for ./Sounds/musicbox/2A.caf
2018-03-21 13:39:37 +0000  copying file ./Sounds/musicbox/3E.caf ... 
2018-03-21 13:39:37 +0000  136396 bytes for ./Sounds/musicbox/3E.caf
copying file ./Sounds/musicbox/3D.caf ... 
2018-03-21 13:39:37 +0000  136396 bytes for ./Sounds/musicbox/3D.caf
copying file ./Sounds/musicbox/6Cs.caf ... 
2018-03-21 13:39:37 +0000  268696 bytes for ./Sounds/musicbox/6Cs.caf
2018-03-21 13:39:37 +0000  copying file ./Sounds/musicbox/3Ds.caf ... 
2018-03-21 13:39:37 +0000  136396 bytes for ./Sounds/musicbox/3Ds.caf
copying file ./Sounds/musicbox/2D.caf ... 
2018-03-21 13:39:37 +0000  136396 bytes for ./Sounds/musicbox/2D.caf
copying file ./Sounds/musicbox/2Cs.caf ... 
2018-03-21 13:39:37 +0000  136396 bytes for ./Sounds/musicbox/2Cs.caf
2018-03-21 13:39:37 +0000  copying file ./Sounds/musicbox/3A.caf ... 
2018-03-21 13:39:37 +0000  136396 bytes for ./Sounds/musicbox/3A.caf
copying file ./Sounds/musicbox/2E.caf ... 
2018-03-21 13:39:37 +0000  136396 bytes for ./Sounds/musicbox/2E.caf
copying file ./Sounds/musicbox/3C.caf ... 
2018-03-21 13:39:37 +0000  136396 bytes for ./Sounds/musicbox/3C.caf
2018-03-21 13:39:37 +0000  copying file ./Sounds/musicbox/2G.caf ... 
2018-03-21 13:39:37 +0000  136396 bytes for ./Sounds/musicbox/2G.caf
copying file ./Sounds/musicbox/5Ds.caf ... 
2018-03-21 13:39:37 +0000  268696 bytes for ./Sounds/musicbox/5Ds.caf
copying file ./Sounds/musicbox/2F.caf ... 
2018-03-21 13:39:37 +0000  136396 bytes for ./Sounds/musicbox/2F.caf
2018-03-21 13:39:37 +0000  copying file ./Sounds/musicbox/3B.caf ... 
2018-03-21 13:39:37 +0000  136396 bytes for ./Sounds/musicbox/3B.caf
2018-03-21 13:39:37 +0000  copying file ./LaunchImage-700-Portrait~ipad.png ... 
2018-03-21 13:39:37 +0000  28681 bytes for ./LaunchImage-700-Portrait~ipad.png
copying file ./sp-setofont.ttf ... 
2018-03-21 13:39:37 +0000  5507748 bytes for ./sp-setofont.ttf
copying file ./Assets.car ... 
2018-03-21 13:39:37 +0000  1134328 bytes for ./Assets.car
copying file ./AppIcon40x40@2x~ipad.png ... 
2018-03-21 13:39:37 +0000  10339 bytes for ./AppIcon40x40@2x~ipad.png
copying file ./AppIcon76x76@2x~ipad.png ... 
2018-03-21 13:39:37 +0000  21176 bytes for ./AppIcon76x76@2x~ipad.png
copying file ./MusicBox.aupreset ... 
2018-03-21 13:39:37 +0000  36069 bytes for ./MusicBox.aupreset
2018-03-21 13:39:37 +0000  copying file ./LaunchImage-700@2x.png ... 
2018-03-21 13:39:37 +0000  27600 bytes for ./LaunchImage-700@2x.png
copying file ./AppIcon83.5x83.5@2x~ipad.png ... 
2018-03-21 13:39:37 +0000  24218 bytes for ./AppIcon83.5x83.5@2x~ipad.png
copying file ./LaunchImage-700-568h@2x.png ... 
2018-03-21 13:39:37 +0000  28953 bytes for ./LaunchImage-700-568h@2x.png
copying file ./Vibraphone.aupreset ... 
2018-03-21 13:39:37 +0000  36193 bytes for ./Vibraphone.aupreset
copying file ./AppIcon29x29@2x~ipad.png ... 
2018-03-21 13:39:37 +0000  7408 bytes for ./AppIcon29x29@2x~ipad.png
copying file ./AppIcon40x40~ipad.png ... 
2018-03-21 13:39:37 +0000  5536 bytes for ./AppIcon40x40~ipad.png
2018-03-21 13:39:37 +0000  copying file ./embedded.mobileprovision ... 
2018-03-21 13:39:37 +0000  7889 bytes for ./embedded.mobileprovision
2018-03-21 13:39:37 +0000  copying file ./SVProgressHUD.bundle/info.png ... 
2018-03-21 13:39:37 +0000  365 bytes for ./SVProgressHUD.bundle/info.png
2018-03-21 13:39:37 +0000  copying file ./SVProgressHUD.bundle/error@3x.png ... 
2018-03-21 13:39:37 +0000  398 bytes for ./SVProgressHUD.bundle/error@3x.png
2018-03-21 13:39:37 +0000  copying file ./SVProgressHUD.bundle/angle-mask@3x.png ... 
2018-03-21 13:39:37 +0000  8319 bytes for ./SVProgressHUD.bundle/angle-mask@3x.png
copying file ./SVProgressHUD.bundle/angle-mask@2x.png ... 
2018-03-21 13:39:37 +0000  4893 bytes for ./SVProgressHUD.bundle/angle-mask@2x.png
copying file ./SVProgressHUD.bundle/error@2x.png ... 
2018-03-21 13:39:37 +0000  306 bytes for ./SVProgressHUD.bundle/error@2x.png
copying file ./SVProgressHUD.bundle/info@3x.png ... 
2018-03-21 13:39:37 +0000  1200 bytes for ./SVProgressHUD.bundle/info@3x.png
2018-03-21 13:39:37 +0000  copying file ./SVProgressHUD.bundle/success@2x.png ... 
2018-03-21 13:39:37 +0000  462 bytes for ./SVProgressHUD.bundle/success@2x.png
copying file ./SVProgressHUD.bundle/success@3x.png ... 
2018-03-21 13:39:37 +0000  714 bytes for ./SVProgressHUD.bundle/success@3x.png
2018-03-21 13:39:37 +0000  copying file ./SVProgressHUD.bundle/info@2x.png ... 
2018-03-21 13:39:37 +0000  816 bytes for ./SVProgressHUD.bundle/info@2x.png
copying file ./SVProgressHUD.bundle/error.png ... 
2018-03-21 13:39:37 +0000  184 bytes for ./SVProgressHUD.bundle/error.png
2018-03-21 13:39:37 +0000  copying file ./SVProgressHUD.bundle/success.png ... 
2018-03-21 13:39:37 +0000  262 bytes for ./SVProgressHUD.bundle/success.png
2018-03-21 13:39:37 +0000  copying file ./SVProgressHUD.bundle/angle-mask.png ... 
2018-03-21 13:39:37 +0000  1845 bytes for ./SVProgressHUD.bundle/angle-mask.png
2018-03-21 13:39:37 +0000  copying file ./LaunchImage-700-Portrait@2x~ipad.png ... 
2018-03-21 13:39:37 +0000  82981 bytes for ./LaunchImage-700-Portrait@2x~ipad.png
copying file ./Info.plist ... 
2018-03-21 13:39:37 +0000  1876 bytes for ./Info.plist
2018-03-21 13:39:37 +0000  copying file ./PkgInfo ... 
2018-03-21 13:39:37 +0000  8 bytes for ./PkgInfo
2018-03-21 13:39:37 +0000  copying file ./AppIcon76x76~ipad.png ... 
2018-03-21 13:39:37 +0000  9757 bytes for ./AppIcon76x76~ipad.png
2018-03-21 13:39:37 +0000  2018-03-21 13:39:37 +0000  

2018-03-21 13:39:37 +0000  /usr/bin/ditto exited with 0
2018-03-21 13:39:37 +0000  2018-03-21 13:39:37 +0000  

2018-03-21 13:39:37 +0000  Processing step: IDEDistributionEmbedProfileStep
2018-03-21 13:39:37 +0000  Processing step: IDEDistributionItemRemovalStep
2018-03-21 13:39:37 +0000  Processing step: IDEDistributionAppThinningPlistStep
2018-03-21 13:39:37 +0000  Skipping step: IDEDistributionAppThinningPlistStep because it said so
2018-03-21 13:39:37 +0000  Processing step: IDEDistributionCompileBitcodeStep
2018-03-21 13:39:37 +0000  Skipping step: IDEDistributionCompileBitcodeStep because it said so
2018-03-21 13:39:37 +0000  Processing step: IDEDistributionCodeSlimmingStep
2018-03-21 13:39:37 +0000  Processing step: IDEDistributionCopyBCSymbolMapsStep
2018-03-21 13:39:37 +0000  Skipping step: IDEDistributionCopyBCSymbolMapsStep because it said so
2018-03-21 13:39:37 +0000  Processing step: IDEDistributionSymbolsStep
2018-03-21 13:39:37 +0000  Skipping step: IDEDistributionSymbolsStep because it said so
2018-03-21 13:39:37 +0000  Processing step: IDEDistributionCopyAppleProvidedContentStep
2018-03-21 13:39:37 +0000  Processing step: IDEDistributionAppThinningStep
2018-03-21 13:39:37 +0000  Skipping step: IDEDistributionAppThinningStep because it said so
2018-03-21 13:39:37 +0000  Processing step: IDEDistributionODRStep
2018-03-21 13:39:37 +0000  Processing step: IDEDistributionStripXattrsStep
2018-03-21 13:39:37 +0000  Running /usr/bin/xattr '-crs' '/var/folders/h9/824gvrrj1299vs8hg1xqtg_c0000gn/T/XcodeDistPipeline.pFv/Root/Payload/CraftedMusicBox.app'
2018-03-21 13:39:37 +0000  
2018-03-21 13:39:37 +0000  
2018-03-21 13:39:37 +0000  /usr/bin/xattr exited with 0
2018-03-21 13:39:37 +0000  
2018-03-21 13:39:37 +0000  2018-03-21 13:39:37 +0000  Processing step: IDEDistributionCodesignStep

2018-03-21 13:39:37 +0000  Applying entitlements delta for <IDEDistributionItem: 0x7fd28357cd50 'hidetaka.f.matsumoto.uguisumb' '<DVTFilePath:0x7fd2832b1950:'/Users/hidetaka.matsumoto/Library/Developer/Xcode/Archives/2018-03-21/CraftedMusicBox 2018-03-21 21.47.xcarchive/Products/Applications/CraftedMusicBox.app'>'> from <IDEiCloudEntitlementsProcessor: 0x7fd28ef6d580>: {
}
2018-03-21 13:39:37 +0000  Entitlements for <IDEDistributionItem: 0x7fd28357cd50 'hidetaka.f.matsumoto.uguisumb' '<DVTFilePath:0x7fd2832b1950:'/Users/hidetaka.matsumoto/Library/Developer/Xcode/Archives/2018-03-21/CraftedMusicBox 2018-03-21 21.47.xcarchive/Products/Applications/CraftedMusicBox.app'>'>: {
    "application-identifier" = "7JDKPK4524.hidetaka.f.matsumoto.uguisumb";
    "aps-environment" = production;
    "beta-reports-active" = 1;
    "com.apple.developer.team-identifier" = 7JDKPK4524;
    "get-task-allow" = 0;
}
2018-03-21 13:39:37 +0000  Writing entitlements for <IDEDistributionItem: 0x7fd28357cd50 'hidetaka.f.matsumoto.uguisumb' '<DVTFilePath:0x7fd2832b1950:'/Users/hidetaka.matsumoto/Library/Developer/Xcode/Archives/2018-03-21/CraftedMusicBox 2018-03-21 21.47.xcarchive/Products/Applications/CraftedMusicBox.app'>'> to: /var/folders/h9/824gvrrj1299vs8hg1xqtg_c0000gn/T/XcodeDistPipeline.pFv/entitlementsN8RquT
2018-03-21 13:39:37 +0000  Running /usr/bin/codesign '-vvv' '--force' '--sign' '85750AA4BC5A4584DFCFD029908FAADAE3331CB5' '--preserve-metadata=identifier,flags' '--entitlements' '/var/folders/h9/824gvrrj1299vs8hg1xqtg_c0000gn/T/XcodeDistPipeline.pFv/entitlementsN8RquT' '/var/folders/h9/824gvrrj1299vs8hg1xqtg_c0000gn/T/XcodeDistPipeline.pFv/Root/Payload/CraftedMusicBox.app'
2018-03-21 13:39:37 +0000  /var/folders/h9/824gvrrj1299vs8hg1xqtg_c0000gn/T/XcodeDistPipeline.pFv/Root/Payload/CraftedMusicBox.app: replacing existing signature
2018-03-21 13:39:38 +0000  /var/folders/h9/824gvrrj1299vs8hg1xqtg_c0000gn/T/XcodeDistPipeline.pFv/Root/Payload/CraftedMusicBox.app: signed app bundle with Mach-O universal (armv7 arm64) [hidetaka.f.matsumoto.uguisumb]
2018-03-21 13:39:38 +0000  
2018-03-21 13:39:38 +0000  
2018-03-21 13:39:38 +0000  
2018-03-21 13:39:38 +0000  2018-03-21 13:39:38 +0000  

2018-03-21 13:39:38 +0000  
2018-03-21 13:39:38 +0000  
2018-03-21 13:39:38 +0000  
2018-03-21 13:39:38 +0000  
2018-03-21 13:39:38 +0000  
2018-03-21 13:39:38 +0000  
2018-03-21 13:39:38 +0000  
2018-03-21 13:39:38 +0000  
2018-03-21 13:39:38 +0000  
2018-03-21 13:39:38 +0000  
2018-03-21 13:39:38 +0000  
2018-03-21 13:39:38 +0000  
2018-03-21 13:39:38 +0000  
2018-03-21 13:39:38 +0000  
2018-03-21 13:39:38 +0000  
2018-03-21 13:39:38 +0000  
2018-03-21 13:39:38 +0000  
2018-03-21 13:39:38 +0000  
2018-03-21 13:39:38 +0000  
2018-03-21 13:39:38 +0000  
2018-03-21 13:39:38 +0000  
2018-03-21 13:39:38 +0000  
2018-03-21 13:39:38 +0000  
2018-03-21 13:39:38 +0000  /usr/bin/codesign exited with 02018-03-21 13:39:38 +0000  
2018-03-21 13:39:38 +0000  

2018-03-21 13:39:38 +0000  Processing step: IDEDistributionStreamingZipItemStep
2018-03-21 13:39:38 +0000  Skipping step: IDEDistributionStreamingZipItemStep because it said so
2018-03-21 13:39:38 +0000  Processing step: IDEDistributionCreateIPAStep
2018-03-21 13:39:38 +0000  Running /usr/bin/ditto '-V' '-c' '-k' '--norsrc' '/var/folders/h9/824gvrrj1299vs8hg1xqtg_c0000gn/T/XcodeDistPipeline.pFv/Root' '/var/folders/h9/824gvrrj1299vs8hg1xqtg_c0000gn/T/XcodeDistPipeline.pFv/Packages/CraftedMusicBox.ipa'
2018-03-21 13:39:38 +0000  >>> Copying /var/folders/h9/824gvrrj1299vs8hg1xqtg_c0000gn/T/XcodeDistPipeline.pFv/Root 
2018-03-21 13:39:38 +0000  copying file ./Payload/CraftedMusicBox.app/_CodeSignature/CodeResources ... 
2018-03-21 13:39:38 +0000  81755 bytes for ./Payload/CraftedMusicBox.app/_CodeSignature/CodeResources
2018-03-21 13:39:38 +0000  copying file ./Payload/CraftedMusicBox.app/ja.lproj/LaunchScreen.strings ... 
2018-03-21 13:39:38 +0000  26 bytes for ./Payload/CraftedMusicBox.app/ja.lproj/LaunchScreen.strings
copying file ./Payload/CraftedMusicBox.app/ja.lproj/Main.strings ... 
2018-03-21 13:39:38 +0000  7198 bytes for ./Payload/CraftedMusicBox.app/ja.lproj/Main.strings
copying file ./Payload/CraftedMusicBox.app/ja.lproj/Localizable.strings ... 
2018-03-21 13:39:38 +0000  2581 bytes for ./Payload/CraftedMusicBox.app/ja.lproj/Localizable.strings
2018-03-21 13:39:38 +0000  copying file ./Payload/CraftedMusicBox.app/ja.lproj/InfoPlist.strings ... 
79 bytes for ./Payload/CraftedMusicBox.app/ja.lproj/InfoPlist.strings
2018-03-21 13:39:38 +0000  copying file ./Payload/CraftedMusicBox.app/en.lproj/LaunchScreen.strings ... 
0 bytes for ./Payload/CraftedMusicBox.app/en.lproj/LaunchScreen.strings
copying file ./Payload/CraftedMusicBox.app/en.lproj/Main.strings ... 
2018-03-21 13:39:38 +0000  7025 bytes for ./Payload/CraftedMusicBox.app/en.lproj/Main.strings
copying file ./Payload/CraftedMusicBox.app/en.lproj/Localizable.strings ... 
2018-03-21 13:39:38 +0000  2085 bytes for ./Payload/CraftedMusicBox.app/en.lproj/Localizable.strings
copying file ./Payload/CraftedMusicBox.app/en.lproj/InfoPlist.strings ... 
2018-03-21 13:39:38 +0000  77 bytes for ./Payload/CraftedMusicBox.app/en.lproj/InfoPlist.strings
copying file ./Payload/CraftedMusicBox.app/CraftedMusicBox ... 
2018-03-21 13:39:38 +0000  8000784 bytes for ./Payload/CraftedMusicBox.app/CraftedMusicBox
copying file ./Payload/CraftedMusicBox.app/LICENSE ... 
2018-03-21 13:39:38 +0000  1392 bytes for ./Payload/CraftedMusicBox.app/LICENSE
copying file ./Payload/CraftedMusicBox.app/Marimba.aupreset ... 
36007 bytes for ./Payload/CraftedMusicBox.app/Marimba.aupreset
copying file ./Payload/CraftedMusicBox.app/AppIcon60x60@2x.png ... 
2018-03-21 13:39:38 +0000  15699 bytes for ./Payload/CraftedMusicBox.app/AppIcon60x60@2x.png
copying file ./Payload/CraftedMusicBox.app/AppIcon29x29@2x.png ... 
2018-03-21 13:39:38 +0000  7408 bytes for ./Payload/CraftedMusicBox.app/AppIcon29x29@2x.png
copying file ./Payload/CraftedMusicBox.app/AppIcon40x40@3x.png ... 
2018-03-21 13:39:38 +0000  15699 bytes for ./Payload/CraftedMusicBox.app/AppIcon40x40@3x.png
copying file ./Payload/CraftedMusicBox.app/AppIcon29x29~ipad.png ... 
2018-03-21 13:39:38 +0000  4561 bytes for ./Payload/CraftedMusicBox.app/AppIcon29x29~ipad.png
2018-03-21 13:39:38 +0000  copying file ./Payload/CraftedMusicBox.app/AppIcon40x40@2x.png ... 
2018-03-21 13:39:38 +0000  10339 bytes for ./Payload/CraftedMusicBox.app/AppIcon40x40@2x.png
copying file ./Payload/CraftedMusicBox.app/AppIcon29x29@3x.png ... 
2018-03-21 13:39:38 +0000  11137 bytes for ./Payload/CraftedMusicBox.app/AppIcon29x29@3x.png
copying file ./Payload/CraftedMusicBox.app/GoogleService-Info.plist ... 
2018-03-21 13:39:38 +0000  914 bytes for ./Payload/CraftedMusicBox.app/GoogleService-Info.plist
copying file ./Payload/CraftedMusicBox.app/MusicInfo.plist ... 
2018-03-21 13:39:38 +0000  139 bytes for ./Payload/CraftedMusicBox.app/MusicInfo.plist
copying file ./Payload/CraftedMusicBox.app/AppIcon60x60@3x.png ... 
2018-03-21 13:39:38 +0000  26442 bytes for ./Payload/CraftedMusicBox.app/AppIcon60x60@3x.png
2018-03-21 13:39:38 +0000  copying file ./Payload/CraftedMusicBox.app/Base.lproj/LaunchScreen.nib ... 
2018-03-21 13:39:38 +0000  1630 bytes for ./Payload/CraftedMusicBox.app/Base.lproj/LaunchScreen.nib
copying file ./Payload/CraftedMusicBox.app/Base.lproj/Localizable.strings ... 
2018-03-21 13:39:38 +0000  2060 bytes for ./Payload/CraftedMusicBox.app/Base.lproj/Localizable.strings
2018-03-21 13:39:38 +0000  copying file ./Payload/CraftedMusicBox.app/Base.lproj/InfoPlist.strings ... 
77 bytes for ./Payload/CraftedMusicBox.app/Base.lproj/InfoPlist.strings
2018-03-21 13:39:38 +0000  copying file ./Payload/CraftedMusicBox.app/Base.lproj/Main.storyboardc/rwu-PE-f1M-view-1u9-Ds-Bok.nib/objects-11.0+.nib ... 
2018-03-21 13:39:38 +0000  16947 bytes for ./Payload/CraftedMusicBox.app/Base.lproj/Main.storyboardc/rwu-PE-f1M-view-1u9-Ds-Bok.nib/objects-11.0+.nib
copying file ./Payload/CraftedMusicBox.app/Base.lproj/Main.storyboardc/rwu-PE-f1M-view-1u9-Ds-Bok.nib/runtime.nib ... 
2018-03-21 13:39:38 +0000  17054 bytes for ./Payload/CraftedMusicBox.app/Base.lproj/Main.storyboardc/rwu-PE-f1M-view-1u9-Ds-Bok.nib/runtime.nib
2018-03-21 13:39:38 +0000  copying file ./Payload/CraftedMusicBox.app/Base.lproj/Main.storyboardc/UITableViewController-rwu-PE-f1M.nib/objects-11.0+.nib ... 
2018-03-21 13:39:38 +0000  987 bytes for ./Payload/CraftedMusicBox.app/Base.lproj/Main.storyboardc/UITableViewController-rwu-PE-f1M.nib/objects-11.0+.nib
copying file ./Payload/CraftedMusicBox.app/Base.lproj/Main.storyboardc/UITableViewController-rwu-PE-f1M.nib/runtime.nib ... 
2018-03-21 13:39:38 +0000  987 bytes for ./Payload/CraftedMusicBox.app/Base.lproj/Main.storyboardc/UITableViewController-rwu-PE-f1M.nib/runtime.nib
copying file ./Payload/CraftedMusicBox.app/Base.lproj/Main.storyboardc/l7G-wT-FeG-view-5qD-R6-Ts6.nib/objects-11.0+.nib ... 
2018-03-21 13:39:38 +0000  3626 bytes for ./Payload/CraftedMusicBox.app/Base.lproj/Main.storyboardc/l7G-wT-FeG-view-5qD-R6-Ts6.nib/objects-11.0+.nib
copying file ./Payload/CraftedMusicBox.app/Base.lproj/Main.storyboardc/l7G-wT-FeG-view-5qD-R6-Ts6.nib/runtime.nib ... 
2018-03-21 13:39:38 +0000  3755 bytes for ./Payload/CraftedMusicBox.app/Base.lproj/Main.storyboardc/l7G-wT-FeG-view-5qD-R6-Ts6.nib/runtime.nib
2018-03-21 13:39:38 +0000  copying file ./Payload/CraftedMusicBox.app/Base.lproj/Main.storyboardc/UINavigationController-hXK-bD-TY0.nib/objects-11.0+.nib ... 
2018-03-21 13:39:38 +0000  2070 bytes for ./Payload/CraftedMusicBox.app/Base.lproj/Main.storyboardc/UINavigationController-hXK-bD-TY0.nib/objects-11.0+.nib
copying file ./Payload/CraftedMusicBox.app/Base.lproj/Main.storyboardc/UINavigationController-hXK-bD-TY0.nib/runtime.nib ... 
2018-03-21 13:39:38 +0000  2070 bytes for ./Payload/CraftedMusicBox.app/Base.lproj/Main.storyboardc/UINavigationController-hXK-bD-TY0.nib/runtime.nib
2018-03-21 13:39:38 +0000  copying file ./Payload/CraftedMusicBox.app/Base.lproj/Main.storyboardc/UIViewController-OGI-JR-xGh.nib/objects-11.0+.nib ... 
2018-03-21 13:39:38 +0000  2376 bytes for ./Payload/CraftedMusicBox.app/Base.lproj/Main.storyboardc/UIViewController-OGI-JR-xGh.nib/objects-11.0+.nib
copying file ./Payload/CraftedMusicBox.app/Base.lproj/Main.storyboardc/UIViewController-OGI-JR-xGh.nib/runtime.nib ... 
2018-03-21 13:39:38 +0000  2376 bytes for ./Payload/CraftedMusicBox.app/Base.lproj/Main.storyboardc/UIViewController-OGI-JR-xGh.nib/runtime.nib
2018-03-21 13:39:38 +0000  copying file ./Payload/CraftedMusicBox.app/Base.lproj/Main.storyboardc/UINavigationController-kGK-1K-za0.nib/objects-11.0+.nib ... 
2018-03-21 13:39:38 +0000  2497 bytes for ./Payload/CraftedMusicBox.app/Base.lproj/Main.storyboardc/UINavigationController-kGK-1K-za0.nib/objects-11.0+.nib
copying file ./Payload/CraftedMusicBox.app/Base.lproj/Main.storyboardc/UINavigationController-kGK-1K-za0.nib/runtime.nib ... 
2018-03-21 13:39:38 +0000  2495 bytes for ./Payload/CraftedMusicBox.app/Base.lproj/Main.storyboardc/UINavigationController-kGK-1K-za0.nib/runtime.nib
copying file ./Payload/CraftedMusicBox.app/Base.lproj/Main.storyboardc/efm-bS-5i8-view-Kz0-zo-CKX.nib/objects-11.0+.nib ... 
2018-03-21 13:39:38 +0000  4894 bytes for ./Payload/CraftedMusicBox.app/Base.lproj/Main.storyboardc/efm-bS-5i8-view-Kz0-zo-CKX.nib/objects-11.0+.nib
copying file ./Payload/CraftedMusicBox.app/Base.lproj/Main.storyboardc/efm-bS-5i8-view-Kz0-zo-CKX.nib/runtime.nib ... 
2018-03-21 13:39:38 +0000  5006 bytes for ./Payload/CraftedMusicBox.app/Base.lproj/Main.storyboardc/efm-bS-5i8-view-Kz0-zo-CKX.nib/runtime.nib
2018-03-21 13:39:38 +0000  copying file ./Payload/CraftedMusicBox.app/Base.lproj/Main.storyboardc/UINavigationController-N8n-7A-X4L.nib/objects-11.0+.nib ... 
2018-03-21 13:39:38 +0000  2150 bytes for ./Payload/CraftedMusicBox.app/Base.lproj/Main.storyboardc/UINavigationController-N8n-7A-X4L.nib/objects-11.0+.nib
copying file ./Payload/CraftedMusicBox.app/Base.lproj/Main.storyboardc/UINavigationController-N8n-7A-X4L.nib/runtime.nib ... 
2018-03-21 13:39:38 +0000  2150 bytes for ./Payload/CraftedMusicBox.app/Base.lproj/Main.storyboardc/UINavigationController-N8n-7A-X4L.nib/runtime.nib
2018-03-21 13:39:38 +0000  copying file ./Payload/CraftedMusicBox.app/Base.lproj/Main.storyboardc/BNw-bU-GSf-view-bBo-1m-yQq.nib/objects-11.0+.nib ... 
2018-03-21 13:39:38 +0000  9092 bytes for ./Payload/CraftedMusicBox.app/Base.lproj/Main.storyboardc/BNw-bU-GSf-view-bBo-1m-yQq.nib/objects-11.0+.nib
copying file ./Payload/CraftedMusicBox.app/Base.lproj/Main.storyboardc/BNw-bU-GSf-view-bBo-1m-yQq.nib/runtime.nib ... 
2018-03-21 13:39:38 +0000  9200 bytes for ./Payload/CraftedMusicBox.app/Base.lproj/Main.storyboardc/BNw-bU-GSf-view-bBo-1m-yQq.nib/runtime.nib
2018-03-21 13:39:38 +0000  copying file ./Payload/CraftedMusicBox.app/Base.lproj/Main.storyboardc/Info.plist ... 
577 bytes for ./Payload/CraftedMusicBox.app/Base.lproj/Main.storyboardc/Info.plist
copying file ./Payload/CraftedMusicBox.app/Base.lproj/Main.storyboardc/OGI-JR-xGh-view-liS-On-GVe.nib/objects-11.0+.nib ... 
2018-03-21 13:39:38 +0000  34025 bytes for ./Payload/CraftedMusicBox.app/Base.lproj/Main.storyboardc/OGI-JR-xGh-view-liS-On-GVe.nib/objects-11.0+.nib
copying file ./Payload/CraftedMusicBox.app/Base.lproj/Main.storyboardc/OGI-JR-xGh-view-liS-On-GVe.nib/runtime.nib ... 
2018-03-21 13:39:38 +0000  34135 bytes for ./Payload/CraftedMusicBox.app/Base.lproj/Main.storyboardc/OGI-JR-xGh-view-liS-On-GVe.nib/runtime.nib
2018-03-21 13:39:38 +0000  copying file ./Payload/CraftedMusicBox.app/archived-expanded-entitlements.xcent ... 
246 bytes for ./Payload/CraftedMusicBox.app/archived-expanded-entitlements.xcent
2018-03-21 13:39:38 +0000  copying file ./Payload/CraftedMusicBox.app/Sounds/vibraphone/5Gs.caf ... 
2018-03-21 13:39:38 +0000  136396 bytes for ./Payload/CraftedMusicBox.app/Sounds/vibraphone/5Gs.caf
copying file ./Payload/CraftedMusicBox.app/Sounds/vibraphone/4As.caf ... 
2018-03-21 13:39:38 +0000  136396 bytes for ./Payload/CraftedMusicBox.app/Sounds/vibraphone/4As.caf
copying file ./Payload/CraftedMusicBox.app/Sounds/vibraphone/3Fs.caf ... 
2018-03-21 13:39:38 +0000  136396 bytes for ./Payload/CraftedMusicBox.app/Sounds/vibraphone/3Fs.caf
copying file ./Payload/CraftedMusicBox.app/Sounds/vibraphone/6As.caf ... 
2018-03-21 13:39:38 +0000  136396 bytes for ./Payload/CraftedMusicBox.app/Sounds/vibraphone/6As.caf
copying file ./Payload/CraftedMusicBox.app/Sounds/vibraphone/2As.caf ... 
2018-03-21 13:39:38 +0000  136396 bytes for ./Payload/CraftedMusicBox.app/Sounds/vibraphone/2As.caf
2018-03-21 13:39:38 +0000  copying file ./Payload/CraftedMusicBox.app/Sounds/vibraphone/3Gs.caf ... 
2018-03-21 13:39:38 +0000  136396 bytes for ./Payload/CraftedMusicBox.app/Sounds/vibraphone/3Gs.caf
2018-03-21 13:39:38 +0000  copying file ./Payload/CraftedMusicBox.app/Sounds/vibraphone/5Fs.caf ... 
2018-03-21 13:39:38 +0000  136396 bytes for ./Payload/CraftedMusicBox.app/Sounds/vibraphone/5Fs.caf
copying file ./Payload/CraftedMusicBox.app/Sounds/vibraphone/6Gs.caf ... 
2018-03-21 13:39:38 +0000  136396 bytes for ./Payload/CraftedMusicBox.app/Sounds/vibraphone/6Gs.caf
copying file ./Payload/CraftedMusicBox.app/Sounds/vibraphone/2Fs.caf ... 
2018-03-21 13:39:38 +0000  136396 bytes for ./Payload/CraftedMusicBox.app/Sounds/vibraphone/2Fs.caf
2018-03-21 13:39:38 +0000  copying file ./Payload/CraftedMusicBox.app/Sounds/vibraphone/6A.caf ... 
2018-03-21 13:39:38 +0000  136396 bytes for ./Payload/CraftedMusicBox.app/Sounds/vibraphone/6A.caf
copying file ./Payload/CraftedMusicBox.app/Sounds/vibraphone/6C.caf ... 
2018-03-21 13:39:38 +0000  136396 bytes for ./Payload/CraftedMusicBox.app/Sounds/vibraphone/6C.caf
2018-03-21 13:39:38 +0000  copying file ./Payload/CraftedMusicBox.app/Sounds/vibraphone/5As.caf ... 
2018-03-21 13:39:38 +0000  136396 bytes for ./Payload/CraftedMusicBox.app/Sounds/vibraphone/5As.caf
copying file ./Payload/CraftedMusicBox.app/Sounds/vibraphone/6B.caf ... 
2018-03-21 13:39:38 +0000  136396 bytes for ./Payload/CraftedMusicBox.app/Sounds/vibraphone/6B.caf
copying file ./Payload/CraftedMusicBox.app/Sounds/vibraphone/4Gs.caf ... 
2018-03-21 13:39:38 +0000  136396 bytes for ./Payload/CraftedMusicBox.app/Sounds/vibraphone/4Gs.caf
copying file ./Payload/CraftedMusicBox.app/Sounds/vibraphone/4Fs.caf ... 
2018-03-21 13:39:38 +0000  136396 bytes for ./Payload/CraftedMusicBox.app/Sounds/vibraphone/4Fs.caf
copying file ./Payload/CraftedMusicBox.app/Sounds/vibraphone/6F.caf ... 
2018-03-21 13:39:38 +0000  136396 bytes for ./Payload/CraftedMusicBox.app/Sounds/vibraphone/6F.caf
copying file ./Payload/CraftedMusicBox.app/Sounds/vibraphone/6G.caf ... 
2018-03-21 13:39:38 +0000  136396 bytes for ./Payload/CraftedMusicBox.app/Sounds/vibraphone/6G.caf
2018-03-21 13:39:38 +0000  copying file ./Payload/CraftedMusicBox.app/Sounds/vibraphone/6E.caf ... 
2018-03-21 13:39:38 +0000  136396 bytes for ./Payload/CraftedMusicBox.app/Sounds/vibraphone/6E.caf
copying file ./Payload/CraftedMusicBox.app/Sounds/vibraphone/2Gs.caf ... 
2018-03-21 13:39:38 +0000  136396 bytes for ./Payload/CraftedMusicBox.app/Sounds/vibraphone/2Gs.caf
2018-03-21 13:39:38 +0000  copying file ./Payload/CraftedMusicBox.app/Sounds/vibraphone/6D.caf ... 
2018-03-21 13:39:38 +0000  136396 bytes for ./Payload/CraftedMusicBox.app/Sounds/vibraphone/6D.caf
copying file ./Payload/CraftedMusicBox.app/Sounds/vibraphone/6Fs.caf ... 
2018-03-21 13:39:39 +0000  136396 bytes for ./Payload/CraftedMusicBox.app/Sounds/vibraphone/6Fs.caf
copying file ./Payload/CraftedMusicBox.app/Sounds/vibraphone/3As.caf ... 
2018-03-21 13:39:39 +0000  136396 bytes for ./Payload/CraftedMusicBox.app/Sounds/vibraphone/3As.caf
2018-03-21 13:39:39 +0000  copying file ./Payload/CraftedMusicBox.app/Sounds/vibraphone/5E.caf ... 
2018-03-21 13:39:39 +0000  136396 bytes for ./Payload/CraftedMusicBox.app/Sounds/vibraphone/5E.caf
copying file ./Payload/CraftedMusicBox.app/Sounds/vibraphone/4A.caf ... 
2018-03-21 13:39:39 +0000  136396 bytes for ./Payload/CraftedMusicBox.app/Sounds/vibraphone/4A.caf
2018-03-21 13:39:39 +0000  copying file ./Payload/CraftedMusicBox.app/Sounds/vibraphone/2Ds.caf ... 
2018-03-21 13:39:39 +0000  136396 bytes for ./Payload/CraftedMusicBox.app/Sounds/vibraphone/2Ds.caf
2018-03-21 13:39:39 +0000  copying file ./Payload/CraftedMusicBox.app/Sounds/vibraphone/5D.caf ... 
2018-03-21 13:39:39 +0000  136396 bytes for ./Payload/CraftedMusicBox.app/Sounds/vibraphone/5D.caf
copying file ./Payload/CraftedMusicBox.app/Sounds/vibraphone/4B.caf ... 
2018-03-21 13:39:39 +0000  136396 bytes for ./Payload/CraftedMusicBox.app/Sounds/vibraphone/4B.caf
2018-03-21 13:39:39 +0000  copying file ./Payload/CraftedMusicBox.app/Sounds/vibraphone/5F.caf ... 
2018-03-21 13:39:39 +0000  136396 bytes for ./Payload/CraftedMusicBox.app/Sounds/vibraphone/5F.caf
2018-03-21 13:39:39 +0000  copying file ./Payload/CraftedMusicBox.app/Sounds/vibraphone/5Cs.caf ... 
2018-03-21 13:39:39 +0000  136396 bytes for ./Payload/CraftedMusicBox.app/Sounds/vibraphone/5Cs.caf
2018-03-21 13:39:39 +0000  copying file ./Payload/CraftedMusicBox.app/Sounds/vibraphone/5G.caf ... 
2018-03-21 13:39:39 +0000  136396 bytes for ./Payload/CraftedMusicBox.app/Sounds/vibraphone/5G.caf
copying file ./Payload/CraftedMusicBox.app/Sounds/vibraphone/4C.caf ... 
2018-03-21 13:39:39 +0000  136396 bytes for ./Payload/CraftedMusicBox.app/Sounds/vibraphone/4C.caf
copying file ./Payload/CraftedMusicBox.app/Sounds/vibraphone/4G.caf ... 
2018-03-21 13:39:39 +0000  136396 bytes for ./Payload/CraftedMusicBox.app/Sounds/vibraphone/4G.caf
copying file ./Payload/CraftedMusicBox.app/Sounds/vibraphone/5C.caf ... 
2018-03-21 13:39:39 +0000  136396 bytes for ./Payload/CraftedMusicBox.app/Sounds/vibraphone/5C.caf
copying file ./Payload/CraftedMusicBox.app/Sounds/vibraphone/5B.caf ... 
2018-03-21 13:39:39 +0000  136396 bytes for ./Payload/CraftedMusicBox.app/Sounds/vibraphone/5B.caf
copying file ./Payload/CraftedMusicBox.app/Sounds/vibraphone/4F.caf ... 
2018-03-21 13:39:39 +0000  136396 bytes for ./Payload/CraftedMusicBox.app/Sounds/vibraphone/4F.caf
copying file ./Payload/CraftedMusicBox.app/Sounds/vibraphone/4Ds.caf ... 
2018-03-21 13:39:39 +0000  136396 bytes for ./Payload/CraftedMusicBox.app/Sounds/vibraphone/4Ds.caf
copying file ./Payload/CraftedMusicBox.app/Sounds/vibraphone/3Cs.caf ... 
2018-03-21 13:39:39 +0000  136396 bytes for ./Payload/CraftedMusicBox.app/Sounds/vibraphone/3Cs.caf
copying file ./Payload/CraftedMusicBox.app/Sounds/vibraphone/6Ds.caf ... 
2018-03-21 13:39:39 +0000  136396 bytes for ./Payload/CraftedMusicBox.app/Sounds/vibraphone/6Ds.caf
2018-03-21 13:39:39 +0000  copying file ./Payload/CraftedMusicBox.app/Sounds/vibraphone/4D.caf ... 
2018-03-21 13:39:39 +0000  136396 bytes for ./Payload/CraftedMusicBox.app/Sounds/vibraphone/4D.caf
copying file ./Payload/CraftedMusicBox.app/Sounds/vibraphone/4E.caf ... 
2018-03-21 13:39:39 +0000  136396 bytes for ./Payload/CraftedMusicBox.app/Sounds/vibraphone/4E.caf
copying file ./Payload/CraftedMusicBox.app/Sounds/vibraphone/5A.caf ... 
2018-03-21 13:39:39 +0000  136396 bytes for ./Payload/CraftedMusicBox.app/Sounds/vibraphone/5A.caf
copying file ./Payload/CraftedMusicBox.app/Sounds/vibraphone/4Cs.caf ... 
2018-03-21 13:39:39 +0000  136396 bytes for ./Payload/CraftedMusicBox.app/Sounds/vibraphone/4Cs.caf
copying file ./Payload/CraftedMusicBox.app/Sounds/vibraphone/3F.caf ... 
2018-03-21 13:39:39 +0000  136396 bytes for ./Payload/CraftedMusicBox.app/Sounds/vibraphone/3F.caf
copying file ./Payload/CraftedMusicBox.app/Sounds/vibraphone/2B.caf ... 
2018-03-21 13:39:39 +0000  136396 bytes for ./Payload/CraftedMusicBox.app/Sounds/vibraphone/2B.caf
copying file ./Payload/CraftedMusicBox.app/Sounds/vibraphone/2C.caf ... 
2018-03-21 13:39:39 +0000  136396 bytes for ./Payload/CraftedMusicBox.app/Sounds/vibraphone/2C.caf
copying file ./Payload/CraftedMusicBox.app/Sounds/vibraphone/3G.caf ... 
2018-03-21 13:39:39 +0000  136396 bytes for ./Payload/CraftedMusicBox.app/Sounds/vibraphone/3G.caf
2018-03-21 13:39:39 +0000  copying file ./Payload/CraftedMusicBox.app/Sounds/vibraphone/2A.caf ... 
2018-03-21 13:39:39 +0000  136396 bytes for ./Payload/CraftedMusicBox.app/Sounds/vibraphone/2A.caf
copying file ./Payload/CraftedMusicBox.app/Sounds/vibraphone/3E.caf ... 
2018-03-21 13:39:39 +0000  136396 bytes for ./Payload/CraftedMusicBox.app/Sounds/vibraphone/3E.caf
copying file ./Payload/CraftedMusicBox.app/Sounds/vibraphone/3D.caf ... 
2018-03-21 13:39:39 +0000  136396 bytes for ./Payload/CraftedMusicBox.app/Sounds/vibraphone/3D.caf
copying file ./Payload/CraftedMusicBox.app/Sounds/vibraphone/6Cs.caf ... 
2018-03-21 13:39:39 +0000  136396 bytes for ./Payload/CraftedMusicBox.app/Sounds/vibraphone/6Cs.caf
copying file ./Payload/CraftedMusicBox.app/Sounds/vibraphone/3Ds.caf ... 
2018-03-21 13:39:39 +0000  136396 bytes for ./Payload/CraftedMusicBox.app/Sounds/vibraphone/3Ds.caf
copying file ./Payload/CraftedMusicBox.app/Sounds/vibraphone/2D.caf ... 
2018-03-21 13:39:39 +0000  136396 bytes for ./Payload/CraftedMusicBox.app/Sounds/vibraphone/2D.caf
copying file ./Payload/CraftedMusicBox.app/Sounds/vibraphone/2Cs.caf ... 
2018-03-21 13:39:39 +0000  136396 bytes for ./Payload/CraftedMusicBox.app/Sounds/vibraphone/2Cs.caf
copying file ./Payload/CraftedMusicBox.app/Sounds/vibraphone/3A.caf ... 
2018-03-21 13:39:39 +0000  136396 bytes for ./Payload/CraftedMusicBox.app/Sounds/vibraphone/3A.caf
2018-03-21 13:39:39 +0000  copying file ./Payload/CraftedMusicBox.app/Sounds/vibraphone/2E.caf ... 
2018-03-21 13:39:39 +0000  136396 bytes for ./Payload/CraftedMusicBox.app/Sounds/vibraphone/2E.caf
copying file ./Payload/CraftedMusicBox.app/Sounds/vibraphone/3C.caf ... 
2018-03-21 13:39:39 +0000  136396 bytes for ./Payload/CraftedMusicBox.app/Sounds/vibraphone/3C.caf
copying file ./Payload/CraftedMusicBox.app/Sounds/vibraphone/2G.caf ... 
2018-03-21 13:39:39 +0000  136396 bytes for ./Payload/CraftedMusicBox.app/Sounds/vibraphone/2G.caf
2018-03-21 13:39:39 +0000  copying file ./Payload/CraftedMusicBox.app/Sounds/vibraphone/5Ds.caf ... 
2018-03-21 13:39:39 +0000  136396 bytes for ./Payload/CraftedMusicBox.app/Sounds/vibraphone/5Ds.caf
copying file ./Payload/CraftedMusicBox.app/Sounds/vibraphone/2F.caf ... 
2018-03-21 13:39:39 +0000  136396 bytes for ./Payload/CraftedMusicBox.app/Sounds/vibraphone/2F.caf
copying file ./Payload/CraftedMusicBox.app/Sounds/vibraphone/3B.caf ... 
2018-03-21 13:39:39 +0000  136396 bytes for ./Payload/CraftedMusicBox.app/Sounds/vibraphone/3B.caf
2018-03-21 13:39:39 +0000  copying file ./Payload/CraftedMusicBox.app/Sounds/marimba/5Gs.caf ... 
2018-03-21 13:39:39 +0000  136396 bytes for ./Payload/CraftedMusicBox.app/Sounds/marimba/5Gs.caf
copying file ./Payload/CraftedMusicBox.app/Sounds/marimba/4As.caf ... 
2018-03-21 13:39:39 +0000  136396 bytes for ./Payload/CraftedMusicBox.app/Sounds/marimba/4As.caf
2018-03-21 13:39:39 +0000  copying file ./Payload/CraftedMusicBox.app/Sounds/marimba/3Fs.caf ... 
2018-03-21 13:39:39 +0000  136396 bytes for ./Payload/CraftedMusicBox.app/Sounds/marimba/3Fs.caf
2018-03-21 13:39:39 +0000  copying file ./Payload/CraftedMusicBox.app/Sounds/marimba/6As.caf ... 
2018-03-21 13:39:39 +0000  136396 bytes for ./Payload/CraftedMusicBox.app/Sounds/marimba/6As.caf
copying file ./Payload/CraftedMusicBox.app/Sounds/marimba/2As.caf ... 
2018-03-21 13:39:39 +0000  136396 bytes for ./Payload/CraftedMusicBox.app/Sounds/marimba/2As.caf
copying file ./Payload/CraftedMusicBox.app/Sounds/marimba/3Gs.caf ... 
2018-03-21 13:39:39 +0000  136396 bytes for ./Payload/CraftedMusicBox.app/Sounds/marimba/3Gs.caf
copying file ./Payload/CraftedMusicBox.app/Sounds/marimba/5Fs.caf ... 
2018-03-21 13:39:39 +0000  136396 bytes for ./Payload/CraftedMusicBox.app/Sounds/marimba/5Fs.caf
2018-03-21 13:39:39 +0000  copying file ./Payload/CraftedMusicBox.app/Sounds/marimba/6Gs.caf ... 
2018-03-21 13:39:39 +0000  136396 bytes for ./Payload/CraftedMusicBox.app/Sounds/marimba/6Gs.caf
copying file ./Payload/CraftedMusicBox.app/Sounds/marimba/2Fs.caf ... 
2018-03-21 13:39:39 +0000  136396 bytes for ./Payload/CraftedMusicBox.app/Sounds/marimba/2Fs.caf
2018-03-21 13:39:39 +0000  copying file ./Payload/CraftedMusicBox.app/Sounds/marimba/6A.caf ... 
2018-03-21 13:39:39 +0000  136396 bytes for ./Payload/CraftedMusicBox.app/Sounds/marimba/6A.caf
copying file ./Payload/CraftedMusicBox.app/Sounds/marimba/6C.caf ... 
2018-03-21 13:39:39 +0000  136396 bytes for ./Payload/CraftedMusicBox.app/Sounds/marimba/6C.caf
copying file ./Payload/CraftedMusicBox.app/Sounds/marimba/5As.caf ... 
2018-03-21 13:39:39 +0000  136396 bytes for ./Payload/CraftedMusicBox.app/Sounds/marimba/5As.caf
copying file ./Payload/CraftedMusicBox.app/Sounds/marimba/6B.caf ... 
2018-03-21 13:39:39 +0000  136396 bytes for ./Payload/CraftedMusicBox.app/Sounds/marimba/6B.caf
2018-03-21 13:39:39 +0000  copying file ./Payload/CraftedMusicBox.app/Sounds/marimba/4Gs.caf ... 
2018-03-21 13:39:39 +0000  136396 bytes for ./Payload/CraftedMusicBox.app/Sounds/marimba/4Gs.caf
copying file ./Payload/CraftedMusicBox.app/Sounds/marimba/4Fs.caf ... 
2018-03-21 13:39:39 +0000  136396 bytes for ./Payload/CraftedMusicBox.app/Sounds/marimba/4Fs.caf
copying file ./Payload/CraftedMusicBox.app/Sounds/marimba/6F.caf ... 
2018-03-21 13:39:39 +0000  136396 bytes for ./Payload/CraftedMusicBox.app/Sounds/marimba/6F.caf
copying file ./Payload/CraftedMusicBox.app/Sounds/marimba/6G.caf ... 
2018-03-21 13:39:39 +0000  136396 bytes for ./Payload/CraftedMusicBox.app/Sounds/marimba/6G.caf
copying file ./Payload/CraftedMusicBox.app/Sounds/marimba/6E.caf ... 
2018-03-21 13:39:39 +0000  136396 bytes for ./Payload/CraftedMusicBox.app/Sounds/marimba/6E.caf
2018-03-21 13:39:39 +0000  copying file ./Payload/CraftedMusicBox.app/Sounds/marimba/2Gs.caf ... 
2018-03-21 13:39:39 +0000  136396 bytes for ./Payload/CraftedMusicBox.app/Sounds/marimba/2Gs.caf
copying file ./Payload/CraftedMusicBox.app/Sounds/marimba/6D.caf ... 
2018-03-21 13:39:39 +0000  136396 bytes for ./Payload/CraftedMusicBox.app/Sounds/marimba/6D.caf
copying file ./Payload/CraftedMusicBox.app/Sounds/marimba/6Fs.caf ... 
2018-03-21 13:39:39 +0000  136396 bytes for ./Payload/CraftedMusicBox.app/Sounds/marimba/6Fs.caf
copying file ./Payload/CraftedMusicBox.app/Sounds/marimba/3As.caf ... 
2018-03-21 13:39:39 +0000  136396 bytes for ./Payload/CraftedMusicBox.app/Sounds/marimba/3As.caf
copying file ./Payload/CraftedMusicBox.app/Sounds/marimba/5E.caf ... 
2018-03-21 13:39:39 +0000  136396 bytes for ./Payload/CraftedMusicBox.app/Sounds/marimba/5E.caf
copying file ./Payload/CraftedMusicBox.app/Sounds/marimba/4A.caf ... 
2018-03-21 13:39:39 +0000  136396 bytes for ./Payload/CraftedMusicBox.app/Sounds/marimba/4A.caf
copying file ./Payload/CraftedMusicBox.app/Sounds/marimba/2Ds.caf ... 
2018-03-21 13:39:39 +0000  136396 bytes for ./Payload/CraftedMusicBox.app/Sounds/marimba/2Ds.caf
copying file ./Payload/CraftedMusicBox.app/Sounds/marimba/5D.caf ... 
2018-03-21 13:39:39 +0000  136396 bytes for ./Payload/CraftedMusicBox.app/Sounds/marimba/5D.caf
copying file ./Payload/CraftedMusicBox.app/Sounds/marimba/4B.caf ... 
2018-03-21 13:39:39 +0000  136396 bytes for ./Payload/CraftedMusicBox.app/Sounds/marimba/4B.caf
copying file ./Payload/CraftedMusicBox.app/Sounds/marimba/5F.caf ... 
2018-03-21 13:39:39 +0000  136396 bytes for ./Payload/CraftedMusicBox.app/Sounds/marimba/5F.caf
copying file ./Payload/CraftedMusicBox.app/Sounds/marimba/5Cs.caf ... 
2018-03-21 13:39:39 +0000  136396 bytes for ./Payload/CraftedMusicBox.app/Sounds/marimba/5Cs.caf
2018-03-21 13:39:39 +0000  copying file ./Payload/CraftedMusicBox.app/Sounds/marimba/5G.caf ... 
2018-03-21 13:39:39 +0000  136396 bytes for ./Payload/CraftedMusicBox.app/Sounds/marimba/5G.caf
copying file ./Payload/CraftedMusicBox.app/Sounds/marimba/4C.caf ... 
2018-03-21 13:39:39 +0000  136396 bytes for ./Payload/CraftedMusicBox.app/Sounds/marimba/4C.caf
2018-03-21 13:39:39 +0000  copying file ./Payload/CraftedMusicBox.app/Sounds/marimba/4G.caf ... 
2018-03-21 13:39:39 +0000  136396 bytes for ./Payload/CraftedMusicBox.app/Sounds/marimba/4G.caf
copying file ./Payload/CraftedMusicBox.app/Sounds/marimba/5C.caf ... 
2018-03-21 13:39:39 +0000  136396 bytes for ./Payload/CraftedMusicBox.app/Sounds/marimba/5C.caf
copying file ./Payload/CraftedMusicBox.app/Sounds/marimba/5B.caf ... 
2018-03-21 13:39:39 +0000  136396 bytes for ./Payload/CraftedMusicBox.app/Sounds/marimba/5B.caf
copying file ./Payload/CraftedMusicBox.app/Sounds/marimba/4F.caf ... 
2018-03-21 13:39:39 +0000  136396 bytes for ./Payload/CraftedMusicBox.app/Sounds/marimba/4F.caf
copying file ./Payload/CraftedMusicBox.app/Sounds/marimba/4Ds.caf ... 
2018-03-21 13:39:39 +0000  136396 bytes for ./Payload/CraftedMusicBox.app/Sounds/marimba/4Ds.caf
copying file ./Payload/CraftedMusicBox.app/Sounds/marimba/3Cs.caf ... 
2018-03-21 13:39:39 +0000  136396 bytes for ./Payload/CraftedMusicBox.app/Sounds/marimba/3Cs.caf
copying file ./Payload/CraftedMusicBox.app/Sounds/marimba/6Ds.caf ... 
2018-03-21 13:39:39 +0000  136396 bytes for ./Payload/CraftedMusicBox.app/Sounds/marimba/6Ds.caf
copying file ./Payload/CraftedMusicBox.app/Sounds/marimba/4D.caf ... 
2018-03-21 13:39:39 +0000  136396 bytes for ./Payload/CraftedMusicBox.app/Sounds/marimba/4D.caf
copying file ./Payload/CraftedMusicBox.app/Sounds/marimba/4E.caf ... 
2018-03-21 13:39:39 +0000  136396 bytes for ./Payload/CraftedMusicBox.app/Sounds/marimba/4E.caf
copying file ./Payload/CraftedMusicBox.app/Sounds/marimba/5A.caf ... 
2018-03-21 13:39:39 +0000  136396 bytes for ./Payload/CraftedMusicBox.app/Sounds/marimba/5A.caf
copying file ./Payload/CraftedMusicBox.app/Sounds/marimba/4Cs.caf ... 
2018-03-21 13:39:39 +0000  136396 bytes for ./Payload/CraftedMusicBox.app/Sounds/marimba/4Cs.caf
copying file ./Payload/CraftedMusicBox.app/Sounds/marimba/3F.caf ... 
2018-03-21 13:39:39 +0000  136396 bytes for ./Payload/CraftedMusicBox.app/Sounds/marimba/3F.caf
copying file ./Payload/CraftedMusicBox.app/Sounds/marimba/2B.caf ... 
2018-03-21 13:39:39 +0000  136396 bytes for ./Payload/CraftedMusicBox.app/Sounds/marimba/2B.caf
2018-03-21 13:39:39 +0000  copying file ./Payload/CraftedMusicBox.app/Sounds/marimba/2C.caf ... 
2018-03-21 13:39:39 +0000  136396 bytes for ./Payload/CraftedMusicBox.app/Sounds/marimba/2C.caf
copying file ./Payload/CraftedMusicBox.app/Sounds/marimba/3G.caf ... 
2018-03-21 13:39:39 +0000  136396 bytes for ./Payload/CraftedMusicBox.app/Sounds/marimba/3G.caf
2018-03-21 13:39:39 +0000  copying file ./Payload/CraftedMusicBox.app/Sounds/marimba/2A.caf ... 
2018-03-21 13:39:39 +0000  136396 bytes for ./Payload/CraftedMusicBox.app/Sounds/marimba/2A.caf
copying file ./Payload/CraftedMusicBox.app/Sounds/marimba/3E.caf ... 
2018-03-21 13:39:39 +0000  136396 bytes for ./Payload/CraftedMusicBox.app/Sounds/marimba/3E.caf
copying file ./Payload/CraftedMusicBox.app/Sounds/marimba/3D.caf ... 
2018-03-21 13:39:39 +0000  136396 bytes for ./Payload/CraftedMusicBox.app/Sounds/marimba/3D.caf
copying file ./Payload/CraftedMusicBox.app/Sounds/marimba/6Cs.caf ... 
2018-03-21 13:39:39 +0000  136396 bytes for ./Payload/CraftedMusicBox.app/Sounds/marimba/6Cs.caf
copying file ./Payload/CraftedMusicBox.app/Sounds/marimba/3Ds.caf ... 
2018-03-21 13:39:39 +0000  136396 bytes for ./Payload/CraftedMusicBox.app/Sounds/marimba/3Ds.caf
copying file ./Payload/CraftedMusicBox.app/Sounds/marimba/2D.caf ... 
2018-03-21 13:39:39 +0000  136396 bytes for ./Payload/CraftedMusicBox.app/Sounds/marimba/2D.caf
copying file ./Payload/CraftedMusicBox.app/Sounds/marimba/2Cs.caf ... 
2018-03-21 13:39:39 +0000  136396 bytes for ./Payload/CraftedMusicBox.app/Sounds/marimba/2Cs.caf
copying file ./Payload/CraftedMusicBox.app/Sounds/marimba/3A.caf ... 
2018-03-21 13:39:39 +0000  136396 bytes for ./Payload/CraftedMusicBox.app/Sounds/marimba/3A.caf
copying file ./Payload/CraftedMusicBox.app/Sounds/marimba/2E.caf ... 
2018-03-21 13:39:39 +0000  136396 bytes for ./Payload/CraftedMusicBox.app/Sounds/marimba/2E.caf
copying file ./Payload/CraftedMusicBox.app/Sounds/marimba/3C.caf ... 
2018-03-21 13:39:39 +0000  136396 bytes for ./Payload/CraftedMusicBox.app/Sounds/marimba/3C.caf
copying file ./Payload/CraftedMusicBox.app/Sounds/marimba/2G.caf ... 
2018-03-21 13:39:39 +0000  136396 bytes for ./Payload/CraftedMusicBox.app/Sounds/marimba/2G.caf
copying file ./Payload/CraftedMusicBox.app/Sounds/marimba/5Ds.caf ... 
2018-03-21 13:39:39 +0000  136396 bytes for ./Payload/CraftedMusicBox.app/Sounds/marimba/5Ds.caf
copying file ./Payload/CraftedMusicBox.app/Sounds/marimba/2F.caf ... 
2018-03-21 13:39:39 +0000  136396 bytes for ./Payload/CraftedMusicBox.app/Sounds/marimba/2F.caf
copying file ./Payload/CraftedMusicBox.app/Sounds/marimba/3B.caf ... 
2018-03-21 13:39:39 +0000  136396 bytes for ./Payload/CraftedMusicBox.app/Sounds/marimba/3B.caf
2018-03-21 13:39:39 +0000  copying file ./Payload/CraftedMusicBox.app/Sounds/musicbox/5Gs.caf ... 
2018-03-21 13:39:39 +0000  268696 bytes for ./Payload/CraftedMusicBox.app/Sounds/musicbox/5Gs.caf
copying file ./Payload/CraftedMusicBox.app/Sounds/musicbox/4As.caf ... 
2018-03-21 13:39:39 +0000  180496 bytes for ./Payload/CraftedMusicBox.app/Sounds/musicbox/4As.caf
copying file ./Payload/CraftedMusicBox.app/Sounds/musicbox/3Fs.caf ... 
2018-03-21 13:39:39 +0000  136396 bytes for ./Payload/CraftedMusicBox.app/Sounds/musicbox/3Fs.caf
copying file ./Payload/CraftedMusicBox.app/Sounds/musicbox/6As.caf ... 
2018-03-21 13:39:39 +0000  268696 bytes for ./Payload/CraftedMusicBox.app/Sounds/musicbox/6As.caf
2018-03-21 13:39:39 +0000  copying file ./Payload/CraftedMusicBox.app/Sounds/musicbox/2As.caf ... 
2018-03-21 13:39:39 +0000  136396 bytes for ./Payload/CraftedMusicBox.app/Sounds/musicbox/2As.caf
copying file ./Payload/CraftedMusicBox.app/Sounds/musicbox/3Gs.caf ... 
2018-03-21 13:39:39 +0000  136396 bytes for ./Payload/CraftedMusicBox.app/Sounds/musicbox/3Gs.caf
2018-03-21 13:39:39 +0000  copying file ./Payload/CraftedMusicBox.app/Sounds/musicbox/5Fs.caf ... 
2018-03-21 13:39:39 +0000  268696 bytes for ./Payload/CraftedMusicBox.app/Sounds/musicbox/5Fs.caf
copying file ./Payload/CraftedMusicBox.app/Sounds/musicbox/6Gs.caf ... 
2018-03-21 13:39:39 +0000  268696 bytes for ./Payload/CraftedMusicBox.app/Sounds/musicbox/6Gs.caf
copying file ./Payload/CraftedMusicBox.app/Sounds/musicbox/2Fs.caf ... 
2018-03-21 13:39:39 +0000  136396 bytes for ./Payload/CraftedMusicBox.app/Sounds/musicbox/2Fs.caf
copying file ./Payload/CraftedMusicBox.app/Sounds/musicbox/6A.caf ... 
2018-03-21 13:39:39 +0000  268696 bytes for ./Payload/CraftedMusicBox.app/Sounds/musicbox/6A.caf
copying file ./Payload/CraftedMusicBox.app/Sounds/musicbox/6C.caf ... 
2018-03-21 13:39:39 +0000  268696 bytes for ./Payload/CraftedMusicBox.app/Sounds/musicbox/6C.caf
copying file ./Payload/CraftedMusicBox.app/Sounds/musicbox/5As.caf ... 
2018-03-21 13:39:39 +0000  268696 bytes for ./Payload/CraftedMusicBox.app/Sounds/musicbox/5As.caf
copying file ./Payload/CraftedMusicBox.app/Sounds/musicbox/6B.caf ... 
2018-03-21 13:39:39 +0000  268696 bytes for ./Payload/CraftedMusicBox.app/Sounds/musicbox/6B.caf
copying file ./Payload/CraftedMusicBox.app/Sounds/musicbox/4Gs.caf ... 
2018-03-21 13:39:39 +0000  180496 bytes for ./Payload/CraftedMusicBox.app/Sounds/musicbox/4Gs.caf
copying file ./Payload/CraftedMusicBox.app/Sounds/musicbox/4Fs.caf ... 
2018-03-21 13:39:39 +0000  180496 bytes for ./Payload/CraftedMusicBox.app/Sounds/musicbox/4Fs.caf
2018-03-21 13:39:39 +0000  copying file ./Payload/CraftedMusicBox.app/Sounds/musicbox/6F.caf ... 
2018-03-21 13:39:39 +0000  268696 bytes for ./Payload/CraftedMusicBox.app/Sounds/musicbox/6F.caf
2018-03-21 13:39:39 +0000  copying file ./Payload/CraftedMusicBox.app/Sounds/musicbox/6G.caf ... 
2018-03-21 13:39:39 +0000  268696 bytes for ./Payload/CraftedMusicBox.app/Sounds/musicbox/6G.caf
2018-03-21 13:39:39 +0000  copying file ./Payload/CraftedMusicBox.app/Sounds/musicbox/6E.caf ... 
2018-03-21 13:39:40 +0000  268696 bytes for ./Payload/CraftedMusicBox.app/Sounds/musicbox/6E.caf
2018-03-21 13:39:40 +0000  copying file ./Payload/CraftedMusicBox.app/Sounds/musicbox/2Gs.caf ... 
2018-03-21 13:39:40 +0000  136396 bytes for ./Payload/CraftedMusicBox.app/Sounds/musicbox/2Gs.caf
2018-03-21 13:39:40 +0000  copying file ./Payload/CraftedMusicBox.app/Sounds/musicbox/6D.caf ... 
2018-03-21 13:39:40 +0000  268696 bytes for ./Payload/CraftedMusicBox.app/Sounds/musicbox/6D.caf
copying file ./Payload/CraftedMusicBox.app/Sounds/musicbox/6Fs.caf ... 
2018-03-21 13:39:40 +0000  268696 bytes for ./Payload/CraftedMusicBox.app/Sounds/musicbox/6Fs.caf
copying file ./Payload/CraftedMusicBox.app/Sounds/musicbox/3As.caf ... 
2018-03-21 13:39:40 +0000  136396 bytes for ./Payload/CraftedMusicBox.app/Sounds/musicbox/3As.caf
2018-03-21 13:39:40 +0000  copying file ./Payload/CraftedMusicBox.app/Sounds/musicbox/5E.caf ... 
2018-03-21 13:39:40 +0000  268696 bytes for ./Payload/CraftedMusicBox.app/Sounds/musicbox/5E.caf
copying file ./Payload/CraftedMusicBox.app/Sounds/musicbox/4A.caf ... 
2018-03-21 13:39:40 +0000  180496 bytes for ./Payload/CraftedMusicBox.app/Sounds/musicbox/4A.caf
2018-03-21 13:39:40 +0000  copying file ./Payload/CraftedMusicBox.app/Sounds/musicbox/2Ds.caf ... 
2018-03-21 13:39:40 +0000  136396 bytes for ./Payload/CraftedMusicBox.app/Sounds/musicbox/2Ds.caf
copying file ./Payload/CraftedMusicBox.app/Sounds/musicbox/5D.caf ... 
2018-03-21 13:39:40 +0000  268696 bytes for ./Payload/CraftedMusicBox.app/Sounds/musicbox/5D.caf
copying file ./Payload/CraftedMusicBox.app/Sounds/musicbox/4B.caf ... 
2018-03-21 13:39:40 +0000  180496 bytes for ./Payload/CraftedMusicBox.app/Sounds/musicbox/4B.caf
copying file ./Payload/CraftedMusicBox.app/Sounds/musicbox/5F.caf ... 
2018-03-21 13:39:40 +0000  268696 bytes for ./Payload/CraftedMusicBox.app/Sounds/musicbox/5F.caf
copying file ./Payload/CraftedMusicBox.app/Sounds/musicbox/5Cs.caf ... 
2018-03-21 13:39:40 +0000  268696 bytes for ./Payload/CraftedMusicBox.app/Sounds/musicbox/5Cs.caf
copying file ./Payload/CraftedMusicBox.app/Sounds/musicbox/5G.caf ... 
2018-03-21 13:39:40 +0000  268696 bytes for ./Payload/CraftedMusicBox.app/Sounds/musicbox/5G.caf
2018-03-21 13:39:40 +0000  copying file ./Payload/CraftedMusicBox.app/Sounds/musicbox/4C.caf ... 
2018-03-21 13:39:40 +0000  180496 bytes for ./Payload/CraftedMusicBox.app/Sounds/musicbox/4C.caf
copying file ./Payload/CraftedMusicBox.app/Sounds/musicbox/4G.caf ... 
2018-03-21 13:39:40 +0000  180496 bytes for ./Payload/CraftedMusicBox.app/Sounds/musicbox/4G.caf
copying file ./Payload/CraftedMusicBox.app/Sounds/musicbox/5C.caf ... 
2018-03-21 13:39:40 +0000  268696 bytes for ./Payload/CraftedMusicBox.app/Sounds/musicbox/5C.caf
copying file ./Payload/CraftedMusicBox.app/Sounds/musicbox/5B.caf ... 
2018-03-21 13:39:40 +0000  268696 bytes for ./Payload/CraftedMusicBox.app/Sounds/musicbox/5B.caf
copying file ./Payload/CraftedMusicBox.app/Sounds/musicbox/4F.caf ... 
2018-03-21 13:39:40 +0000  180496 bytes for ./Payload/CraftedMusicBox.app/Sounds/musicbox/4F.caf
2018-03-21 13:39:40 +0000  copying file ./Payload/CraftedMusicBox.app/Sounds/musicbox/4Ds.caf ... 
2018-03-21 13:39:40 +0000  180496 bytes for ./Payload/CraftedMusicBox.app/Sounds/musicbox/4Ds.caf
copying file ./Payload/CraftedMusicBox.app/Sounds/musicbox/3Cs.caf ... 
2018-03-21 13:39:40 +0000  136396 bytes for ./Payload/CraftedMusicBox.app/Sounds/musicbox/3Cs.caf
copying file ./Payload/CraftedMusicBox.app/Sounds/musicbox/6Ds.caf ... 
2018-03-21 13:39:40 +0000  268696 bytes for ./Payload/CraftedMusicBox.app/Sounds/musicbox/6Ds.caf
copying file ./Payload/CraftedMusicBox.app/Sounds/musicbox/4D.caf ... 
2018-03-21 13:39:40 +0000  180496 bytes for ./Payload/CraftedMusicBox.app/Sounds/musicbox/4D.caf
copying file ./Payload/CraftedMusicBox.app/Sounds/musicbox/4E.caf ... 
2018-03-21 13:39:40 +0000  180496 bytes for ./Payload/CraftedMusicBox.app/Sounds/musicbox/4E.caf
2018-03-21 13:39:40 +0000  copying file ./Payload/CraftedMusicBox.app/Sounds/musicbox/5A.caf ... 
2018-03-21 13:39:40 +0000  268696 bytes for ./Payload/CraftedMusicBox.app/Sounds/musicbox/5A.caf
copying file ./Payload/CraftedMusicBox.app/Sounds/musicbox/4Cs.caf ... 
2018-03-21 13:39:40 +0000  180496 bytes for ./Payload/CraftedMusicBox.app/Sounds/musicbox/4Cs.caf
2018-03-21 13:39:40 +0000  copying file ./Payload/CraftedMusicBox.app/Sounds/musicbox/3F.caf ... 
2018-03-21 13:39:40 +0000  136396 bytes for ./Payload/CraftedMusicBox.app/Sounds/musicbox/3F.caf
copying file ./Payload/CraftedMusicBox.app/Sounds/musicbox/2B.caf ... 
2018-03-21 13:39:40 +0000  136396 bytes for ./Payload/CraftedMusicBox.app/Sounds/musicbox/2B.caf
copying file ./Payload/CraftedMusicBox.app/Sounds/musicbox/2C.caf ... 
2018-03-21 13:39:40 +0000  136396 bytes for ./Payload/CraftedMusicBox.app/Sounds/musicbox/2C.caf
copying file ./Payload/CraftedMusicBox.app/Sounds/musicbox/3G.caf ... 
2018-03-21 13:39:40 +0000  136396 bytes for ./Payload/CraftedMusicBox.app/Sounds/musicbox/3G.caf
copying file ./Payload/CraftedMusicBox.app/Sounds/musicbox/2A.caf ... 
2018-03-21 13:39:40 +0000  136396 bytes for ./Payload/CraftedMusicBox.app/Sounds/musicbox/2A.caf
copying file ./Payload/CraftedMusicBox.app/Sounds/musicbox/3E.caf ... 
2018-03-21 13:39:40 +0000  136396 bytes for ./Payload/CraftedMusicBox.app/Sounds/musicbox/3E.caf
copying file ./Payload/CraftedMusicBox.app/Sounds/musicbox/3D.caf ... 
2018-03-21 13:39:40 +0000  136396 bytes for ./Payload/CraftedMusicBox.app/Sounds/musicbox/3D.caf
copying file ./Payload/CraftedMusicBox.app/Sounds/musicbox/6Cs.caf ... 
2018-03-21 13:39:40 +0000  268696 bytes for ./Payload/CraftedMusicBox.app/Sounds/musicbox/6Cs.caf
2018-03-21 13:39:40 +0000  copying file ./Payload/CraftedMusicBox.app/Sounds/musicbox/3Ds.caf ... 
2018-03-21 13:39:40 +0000  136396 bytes for ./Payload/CraftedMusicBox.app/Sounds/musicbox/3Ds.caf
copying file ./Payload/CraftedMusicBox.app/Sounds/musicbox/2D.caf ... 
2018-03-21 13:39:40 +0000  136396 bytes for ./Payload/CraftedMusicBox.app/Sounds/musicbox/2D.caf
copying file ./Payload/CraftedMusicBox.app/Sounds/musicbox/2Cs.caf ... 
2018-03-21 13:39:40 +0000  136396 bytes for ./Payload/CraftedMusicBox.app/Sounds/musicbox/2Cs.caf
copying file ./Payload/CraftedMusicBox.app/Sounds/musicbox/3A.caf ... 
2018-03-21 13:39:40 +0000  136396 bytes for ./Payload/CraftedMusicBox.app/Sounds/musicbox/3A.caf
copying file ./Payload/CraftedMusicBox.app/Sounds/musicbox/2E.caf ... 
2018-03-21 13:39:40 +0000  136396 bytes for ./Payload/CraftedMusicBox.app/Sounds/musicbox/2E.caf
copying file ./Payload/CraftedMusicBox.app/Sounds/musicbox/3C.caf ... 
2018-03-21 13:39:40 +0000  136396 bytes for ./Payload/CraftedMusicBox.app/Sounds/musicbox/3C.caf
copying file ./Payload/CraftedMusicBox.app/Sounds/musicbox/2G.caf ... 
2018-03-21 13:39:40 +0000  136396 bytes for ./Payload/CraftedMusicBox.app/Sounds/musicbox/2G.caf
copying file ./Payload/CraftedMusicBox.app/Sounds/musicbox/5Ds.caf ... 
2018-03-21 13:39:40 +0000  268696 bytes for ./Payload/CraftedMusicBox.app/Sounds/musicbox/5Ds.caf
copying file ./Payload/CraftedMusicBox.app/Sounds/musicbox/2F.caf ... 
2018-03-21 13:39:40 +0000  136396 bytes for ./Payload/CraftedMusicBox.app/Sounds/musicbox/2F.caf
2018-03-21 13:39:40 +0000  copying file ./Payload/CraftedMusicBox.app/Sounds/musicbox/3B.caf ... 
2018-03-21 13:39:40 +0000  136396 bytes for ./Payload/CraftedMusicBox.app/Sounds/musicbox/3B.caf
2018-03-21 13:39:40 +0000  copying file ./Payload/CraftedMusicBox.app/LaunchImage-700-Portrait~ipad.png ... 
2018-03-21 13:39:40 +0000  28681 bytes for ./Payload/CraftedMusicBox.app/LaunchImage-700-Portrait~ipad.png
2018-03-21 13:39:40 +0000  copying file ./Payload/CraftedMusicBox.app/sp-setofont.ttf ... 
2018-03-21 13:39:40 +0000  5507748 bytes for ./Payload/CraftedMusicBox.app/sp-setofont.ttf
copying file ./Payload/CraftedMusicBox.app/Assets.car ... 
2018-03-21 13:39:40 +0000  1134328 bytes for ./Payload/CraftedMusicBox.app/Assets.car
copying file ./Payload/CraftedMusicBox.app/AppIcon40x40@2x~ipad.png ... 
2018-03-21 13:39:40 +0000  10339 bytes for ./Payload/CraftedMusicBox.app/AppIcon40x40@2x~ipad.png
copying file ./Payload/CraftedMusicBox.app/AppIcon76x76@2x~ipad.png ... 
2018-03-21 13:39:40 +0000  21176 bytes for ./Payload/CraftedMusicBox.app/AppIcon76x76@2x~ipad.png
copying file ./Payload/CraftedMusicBox.app/MusicBox.aupreset ... 
2018-03-21 13:39:40 +0000  36069 bytes for ./Payload/CraftedMusicBox.app/MusicBox.aupreset
copying file ./Payload/CraftedMusicBox.app/LaunchImage-700@2x.png ... 
2018-03-21 13:39:40 +0000  27600 bytes for ./Payload/CraftedMusicBox.app/LaunchImage-700@2x.png
2018-03-21 13:39:40 +0000  copying file ./Payload/CraftedMusicBox.app/AppIcon83.5x83.5@2x~ipad.png ... 
2018-03-21 13:39:40 +0000  24218 bytes for ./Payload/CraftedMusicBox.app/AppIcon83.5x83.5@2x~ipad.png
copying file ./Payload/CraftedMusicBox.app/LaunchImage-700-568h@2x.png ... 
2018-03-21 13:39:40 +0000  28953 bytes for ./Payload/CraftedMusicBox.app/LaunchImage-700-568h@2x.png
copying file ./Payload/CraftedMusicBox.app/Vibraphone.aupreset ... 
2018-03-21 13:39:40 +0000  36193 bytes for ./Payload/CraftedMusicBox.app/Vibraphone.aupreset
copying file ./Payload/CraftedMusicBox.app/AppIcon29x29@2x~ipad.png ... 
2018-03-21 13:39:40 +0000  7408 bytes for ./Payload/CraftedMusicBox.app/AppIcon29x29@2x~ipad.png
copying file ./Payload/CraftedMusicBox.app/AppIcon40x40~ipad.png ... 
2018-03-21 13:39:40 +0000  5536 bytes for ./Payload/CraftedMusicBox.app/AppIcon40x40~ipad.png
2018-03-21 13:39:40 +0000  copying file ./Payload/CraftedMusicBox.app/embedded.mobileprovision ... 
2018-03-21 13:39:40 +0000  7592 bytes for ./Payload/CraftedMusicBox.app/embedded.mobileprovision
2018-03-21 13:39:40 +0000  copying file ./Payload/CraftedMusicBox.app/SVProgressHUD.bundle/info.png ... 
2018-03-21 13:39:40 +0000  365 bytes for ./Payload/CraftedMusicBox.app/SVProgressHUD.bundle/info.png
copying file ./Payload/CraftedMusicBox.app/SVProgressHUD.bundle/error@3x.png ... 
398 bytes for ./Payload/CraftedMusicBox.app/SVProgressHUD.bundle/error@3x.png
copying file ./Payload/CraftedMusicBox.app/SVProgressHUD.bundle/angle-mask@3x.png ... 
2018-03-21 13:39:40 +0000  8319 bytes for ./Payload/CraftedMusicBox.app/SVProgressHUD.bundle/angle-mask@3x.png
copying file ./Payload/CraftedMusicBox.app/SVProgressHUD.bundle/angle-mask@2x.png ... 
2018-03-21 13:39:40 +0000  4893 bytes for ./Payload/CraftedMusicBox.app/SVProgressHUD.bundle/angle-mask@2x.png
copying file ./Payload/CraftedMusicBox.app/SVProgressHUD.bundle/error@2x.png ... 
2018-03-21 13:39:40 +0000  306 bytes for ./Payload/CraftedMusicBox.app/SVProgressHUD.bundle/error@2x.png
copying file ./Payload/CraftedMusicBox.app/SVProgressHUD.bundle/info@3x.png ... 
2018-03-21 13:39:40 +0000  1200 bytes for ./Payload/CraftedMusicBox.app/SVProgressHUD.bundle/info@3x.png
copying file ./Payload/CraftedMusicBox.app/SVProgressHUD.bundle/success@2x.png ... 
2018-03-21 13:39:40 +0000  462 bytes for ./Payload/CraftedMusicBox.app/SVProgressHUD.bundle/success@2x.png
copying file ./Payload/CraftedMusicBox.app/SVProgressHUD.bundle/success@3x.png ... 
2018-03-21 13:39:40 +0000  714 bytes for ./Payload/CraftedMusicBox.app/SVProgressHUD.bundle/success@3x.png
copying file ./Payload/CraftedMusicBox.app/SVProgressHUD.bundle/info@2x.png ... 
2018-03-21 13:39:40 +0000  816 bytes for ./Payload/CraftedMusicBox.app/SVProgressHUD.bundle/info@2x.png
copying file ./Payload/CraftedMusicBox.app/SVProgressHUD.bundle/error.png ... 
2018-03-21 13:39:40 +0000  184 bytes for ./Payload/CraftedMusicBox.app/SVProgressHUD.bundle/error.png
copying file ./Payload/CraftedMusicBox.app/SVProgressHUD.bundle/success.png ... 
2018-03-21 13:39:40 +0000  262 bytes for ./Payload/CraftedMusicBox.app/SVProgressHUD.bundle/success.png
copying file ./Payload/CraftedMusicBox.app/SVProgressHUD.bundle/angle-mask.png ... 
2018-03-21 13:39:40 +0000  1845 bytes for ./Payload/CraftedMusicBox.app/SVProgressHUD.bundle/angle-mask.png
copying file ./Payload/CraftedMusicBox.app/LaunchImage-700-Portrait@2x~ipad.png ... 
2018-03-21 13:39:40 +0000  82981 bytes for ./Payload/CraftedMusicBox.app/LaunchImage-700-Portrait@2x~ipad.png
copying file ./Payload/CraftedMusicBox.app/Info.plist ... 
2018-03-21 13:39:40 +0000  1876 bytes for ./Payload/CraftedMusicBox.app/Info.plist
2018-03-21 13:39:40 +0000  copying file ./Payload/CraftedMusicBox.app/PkgInfo ... 
8 bytes for ./Payload/CraftedMusicBox.app/PkgInfo
copying file ./Payload/CraftedMusicBox.app/AppIcon76x76~ipad.png ... 
2018-03-21 13:39:40 +0000  9757 bytes for ./Payload/CraftedMusicBox.app/AppIcon76x76~ipad.png
2018-03-21 13:39:40 +0000  
2018-03-21 13:39:40 +0000  2018-03-21 13:39:40 +0000  /usr/bin/ditto exited with 0
2018-03-21 13:39:40 +0000  

2018-03-21 13:39:40 +0000  Processing step: IDEDistributionCreateManifestStep
2018-03-21 13:39:40 +0000  Skipping step: IDEDistributionCreateManifestStep because it said so
